This file contains any messages produced by compilers while
running configure, to aid debugging if configure makes a mistake.

It was created by configure, which was
generated by GNU Autoconf 2.68.  Invocation command line was

  $ ./configure --with-apr-config=../../bin/apr-1-config --with-apu-config=../../bin/apu-1-config --prefix=/Developer/Projects/cube2/sauerbomber/trunk/src/xcode/Libs --disable-dependency-tracking

## --------- ##
## Platform. ##
## --------- ##

hostname = femputer.local
uname -m = i386
uname -r = 10.8.0
uname -s = Darwin
uname -v = Darwin Kernel Version 10.8.0: Tue Jun  7 16:33:36 PDT 2011; root:xnu-1504.15.3~1/RELEASE_I386

/usr/bin/uname -p = i386
/bin/uname -X     = unknown

/bin/arch              = unknown
/usr/bin/arch -k       = unknown
/usr/convex/getsysinfo = unknown
/usr/bin/hostinfo      = Mach kernel version:
	 Darwin Kernel Version 10.8.0: Tue Jun  7 16:33:36 PDT 2011; root:xnu-1504.15.3~1/RELEASE_I386
Kernel configured for up to 2 processors.
2 processors are physically available.
2 processors are logically available.
Processor type: i486 (Intel 80486)
Processors active: 0 1
Primary memory available: 2.00 gigabytes
Default processor set: 94 tasks, 349 threads, 2 processors
Load average: 0.38, Mach factor: 1.61
/bin/machine           = unknown
/usr/bin/oslevel       = unknown
/bin/universe          = unknown

PATH: /Users/michael/usr/sbin
PATH: /sbin
PATH: /usr/sbin
PATH: /Users/michael/usr/bin
PATH: .
PATH: /opt/mapc/bin
PATH: /opt/mapc/sbin
PATH: /opt/cuscus/bin
PATH: /opt/cuscus/sbin
PATH: /usr/local/bin
PATH: /usr/local/sbin
PATH: /opt/local/bin
PATH: /opt/local/sbin
PATH: /Developer/usr/bin
PATH: /Developer/usr/sbin
PATH: /bin
PATH: /sbin
PATH: /usr/bin
PATH: /usr/sbin
PATH: /opt/X11/bin
PATH: /opt/X11/sbin
PATH: /usr/X11/bin
PATH: /usr/X11/sbin
PATH: /opt/sw/bin
PATH: /opt/sw/sbin
PATH: /Developer/SDKs/Android/tools
PATH: /usr/texbin
PATH: /var/root/.local/bin
PATH: .
PATH: /Users/michael/usr/games
PATH: /usr/local/games


## ----------- ##
## Core tests. ##
## ----------- ##

configure:2311: checking build system type
configure:2325: result: i386-apple-darwin10.8.0
configure:2345: checking host system type
configure:2358: result: i386-apple-darwin10.8.0
configure:2378: checking target system type
configure:2391: result: i386-apple-darwin10.8.0
configure:2435: checking for a BSD-compatible install
configure:2503: result: /usr/bin/install -c
configure:2514: checking whether build environment is sane
configure:2564: result: yes
configure:2705: checking for a thread-safe mkdir -p
configure:2744: result: ./install-sh -c -d
configure:2757: checking for gawk
configure:2773: found /opt/local/bin/gawk
configure:2784: result: gawk
configure:2795: checking whether make sets $(MAKE)
configure:2817: result: yes
configure:3010: checking for C++ compiler version
configure:3019: gcc-4.2 --version >&5
i686-apple-darwin10-gcc-4.2.1 (GCC) 4.2.1 (Apple Inc. build 5666) (dot 3)
Copyright (C) 2007 Free Software Foundation, Inc.
This is free software; see the source for copying conditions.  There is NO
warranty; not even for MERCHANTABILITY or FITNESS FOR A PARTICULAR PURPOSE.

configure:3030: $? = 0
configure:3019: gcc-4.2 -v >&5
Using built-in specs.
Target: i686-apple-darwin10
Configured with: /var/tmp/gcc/gcc-5666.3~6/src/configure --disable-checking --enable-werror --prefix=/usr --mandir=/share/man --enable-languages=c,objc,c++,obj-c++ --program-transform-name=/^[cg][^.-]*$/s/$/-4.2/ --with-slibdir=/usr/lib --build=i686-apple-darwin10 --program-prefix=i686-apple-darwin10- --host=x86_64-apple-darwin10 --target=i686-apple-darwin10 --with-gxx-include-dir=/include/c++/4.2.1
Thread model: posix
gcc version 4.2.1 (Apple Inc. build 5666) (dot 3)
configure:3030: $? = 0
configure:3019: gcc-4.2 -V >&5
gcc-4.2: argument to `-V' is missing
configure:3030: $? = 1
configure:3019: gcc-4.2 -qversion >&5
i686-apple-darwin10-gcc-4.2.1: no input files
configure:3030: $? = 1
configure:3050: checking whether the C++ compiler works
configure:3072: gcc-4.2 -Wall -force_cpusubtype_ALL -mmacosx-version-min=10.4 -arch i386 -arch ppc -arch x86_64 -I/opt/mapc/include:/opt/cuscus/include:/usr/local/include:/opt/local/include:/Developer/usr/include:/include:/usr/include:/opt/X11/include:/usr/X11/include:/opt/sw/include -L/opt/mapc/lib:/opt/cuscus/lib:/usr/local/lib:/opt/local/lib:/Developer/usr/lib:/lib:/usr/lib:/opt/X11/lib:/usr/X11/lib:/opt/sw/lib conftest.cpp -lstdc++ >&5
ld: warning: directory '/opt/mapc/lib:/opt/cuscus/lib:/usr/local/lib:/opt/local/lib:/Developer/usr/lib:/lib:/usr/lib:/opt/X11/lib:/usr/X11/lib:/opt/sw/lib' following -L not found
ld: warning: directory '/opt/mapc/lib:/opt/cuscus/lib:/usr/local/lib:/opt/local/lib:/Developer/usr/lib:/lib:/usr/lib:/opt/X11/lib:/usr/X11/lib:/opt/sw/lib' following -L not found
ld: warning: directory '/opt/mapc/lib:/opt/cuscus/lib:/usr/local/lib:/opt/local/lib:/Developer/usr/lib:/lib:/usr/lib:/opt/X11/lib:/usr/X11/lib:/opt/sw/lib' following -L not found
configure:3076: $? = 0
configure:3124: result: yes
configure:3127: checking for C++ compiler default output file name
configure:3129: result: a.out
configure:3135: checking for suffix of executables
configure:3142: gcc-4.2 -o conftest -Wall -force_cpusubtype_ALL -mmacosx-version-min=10.4 -arch i386 -arch ppc -arch x86_64 -I/opt/mapc/include:/opt/cuscus/include:/usr/local/include:/opt/local/include:/Developer/usr/include:/include:/usr/include:/opt/X11/include:/usr/X11/include:/opt/sw/include -L/opt/mapc/lib:/opt/cuscus/lib:/usr/local/lib:/opt/local/lib:/Developer/usr/lib:/lib:/usr/lib:/opt/X11/lib:/usr/X11/lib:/opt/sw/lib conftest.cpp -lstdc++ >&5
ld: warning: directory '/opt/mapc/lib:/opt/cuscus/lib:/usr/local/lib:/opt/local/lib:/Developer/usr/lib:/lib:/usr/lib:/opt/X11/lib:/usr/X11/lib:/opt/sw/lib' following -L not found
ld: warning: directory '/opt/mapc/lib:/opt/cuscus/lib:/usr/local/lib:/opt/local/lib:/Developer/usr/lib:/lib:/usr/lib:/opt/X11/lib:/usr/X11/lib:/opt/sw/lib' following -L not found
ld: warning: directory '/opt/mapc/lib:/opt/cuscus/lib:/usr/local/lib:/opt/local/lib:/Developer/usr/lib:/lib:/usr/lib:/opt/X11/lib:/usr/X11/lib:/opt/sw/lib' following -L not found
configure:3146: $? = 0
configure:3168: result: 
configure:3190: checking whether we are cross compiling
configure:3198: gcc-4.2 -o conftest -Wall -force_cpusubtype_ALL -mmacosx-version-min=10.4 -arch i386 -arch ppc -arch x86_64 -I/opt/mapc/include:/opt/cuscus/include:/usr/local/include:/opt/local/include:/Developer/usr/include:/include:/usr/include:/opt/X11/include:/usr/X11/include:/opt/sw/include -L/opt/mapc/lib:/opt/cuscus/lib:/usr/local/lib:/opt/local/lib:/Developer/usr/lib:/lib:/usr/lib:/opt/X11/lib:/usr/X11/lib:/opt/sw/lib conftest.cpp -lstdc++ >&5
ld: warning: directory '/opt/mapc/lib:/opt/cuscus/lib:/usr/local/lib:/opt/local/lib:/Developer/usr/lib:/lib:/usr/lib:/opt/X11/lib:/usr/X11/lib:/opt/sw/lib' following -L not found
ld: warning: directory '/opt/mapc/lib:/opt/cuscus/lib:/usr/local/lib:/opt/local/lib:/Developer/usr/lib:/lib:/usr/lib:/opt/X11/lib:/usr/X11/lib:/opt/sw/lib' following -L not found
ld: warning: directory '/opt/mapc/lib:/opt/cuscus/lib:/usr/local/lib:/opt/local/lib:/Developer/usr/lib:/lib:/usr/lib:/opt/X11/lib:/usr/X11/lib:/opt/sw/lib' following -L not found
configure:3202: $? = 0
configure:3209: ./conftest
configure:3213: $? = 0
configure:3228: result: no
configure:3233: checking for suffix of object files
configure:3255: gcc-4.2 -c -Wall -force_cpusubtype_ALL -mmacosx-version-min=10.4 -arch i386 -arch ppc -arch x86_64 -I/opt/mapc/include:/opt/cuscus/include:/usr/local/include:/opt/local/include:/Developer/usr/include:/include:/usr/include:/opt/X11/include:/usr/X11/include:/opt/sw/include conftest.cpp >&5
configure:3259: $? = 0
configure:3280: result: o
configure:3284: checking whether we are using the GNU C++ compiler
configure:3303: gcc-4.2 -c -Wall -force_cpusubtype_ALL -mmacosx-version-min=10.4 -arch i386 -arch ppc -arch x86_64 -I/opt/mapc/include:/opt/cuscus/include:/usr/local/include:/opt/local/include:/Developer/usr/include:/include:/usr/include:/opt/X11/include:/usr/X11/include:/opt/sw/include conftest.cpp >&5
configure:3303: $? = 0
configure:3312: result: yes
configure:3321: checking whether gcc-4.2 accepts -g
configure:3341: gcc-4.2 -c -g -I/opt/mapc/include:/opt/cuscus/include:/usr/local/include:/opt/local/include:/Developer/usr/include:/include:/usr/include:/opt/X11/include:/usr/X11/include:/opt/sw/include conftest.cpp >&5
configure:3341: $? = 0
configure:3382: result: yes
configure:3416: checking for style of include used by make
configure:3444: result: GNU
configure:3470: checking dependency style of gcc-4.2
configure:3581: result: none
configure:3647: checking how to print strings
configure:3674: result: printf
configure:3743: checking for gcc
configure:3770: result: gcc-4.2
configure:3999: checking for C compiler version
configure:4008: gcc-4.2 --version >&5
i686-apple-darwin10-gcc-4.2.1 (GCC) 4.2.1 (Apple Inc. build 5666) (dot 3)
Copyright (C) 2007 Free Software Foundation, Inc.
This is free software; see the source for copying conditions.  There is NO
warranty; not even for MERCHANTABILITY or FITNESS FOR A PARTICULAR PURPOSE.

configure:4019: $? = 0
configure:4008: gcc-4.2 -v >&5
Using built-in specs.
Target: i686-apple-darwin10
Configured with: /var/tmp/gcc/gcc-5666.3~6/src/configure --disable-checking --enable-werror --prefix=/usr --mandir=/share/man --enable-languages=c,objc,c++,obj-c++ --program-transform-name=/^[cg][^.-]*$/s/$/-4.2/ --with-slibdir=/usr/lib --build=i686-apple-darwin10 --program-prefix=i686-apple-darwin10- --host=x86_64-apple-darwin10 --target=i686-apple-darwin10 --with-gxx-include-dir=/include/c++/4.2.1
Thread model: posix
gcc version 4.2.1 (Apple Inc. build 5666) (dot 3)
configure:4019: $? = 0
configure:4008: gcc-4.2 -V >&5
gcc-4.2: argument to `-V' is missing
configure:4019: $? = 1
configure:4008: gcc-4.2 -qversion >&5
i686-apple-darwin10-gcc-4.2.1: no input files
configure:4019: $? = 1
configure:4023: checking whether we are using the GNU C compiler
configure:4042: gcc-4.2 -c -Wall -force_cpusubtype_ALL -mmacosx-version-min=10.4 -arch i386 -arch ppc -arch x86_64 -I/opt/mapc/include:/opt/cuscus/include:/usr/local/include:/opt/local/include:/Developer/usr/include:/include:/usr/include:/opt/X11/include:/usr/X11/include:/opt/sw/include conftest.c >&5
configure:4042: $? = 0
configure:4051: result: yes
configure:4060: checking whether gcc-4.2 accepts -g
configure:4080: gcc-4.2 -c -g -I/opt/mapc/include:/opt/cuscus/include:/usr/local/include:/opt/local/include:/Developer/usr/include:/include:/usr/include:/opt/X11/include:/usr/X11/include:/opt/sw/include conftest.c >&5
configure:4080: $? = 0
configure:4121: result: yes
configure:4138: checking for gcc-4.2 option to accept ISO C89
configure:4202: gcc-4.2  -c -Wall -force_cpusubtype_ALL -mmacosx-version-min=10.4 -arch i386 -arch ppc -arch x86_64 -I/opt/mapc/include:/opt/cuscus/include:/usr/local/include:/opt/local/include:/Developer/usr/include:/include:/usr/include:/opt/X11/include:/usr/X11/include:/opt/sw/include conftest.c >&5
configure:4202: $? = 0
configure:4215: result: none needed
configure:4237: checking dependency style of gcc-4.2
configure:4348: result: none
configure:4363: checking for a sed that does not truncate output
configure:4427: result: /usr/bin/sed
configure:4445: checking for grep that handles long lines and -e
configure:4503: result: /usr/bin/grep
configure:4508: checking for egrep
configure:4570: result: /usr/bin/grep -E
configure:4575: checking for fgrep
configure:4637: result: /usr/bin/grep -F
configure:4672: checking for ld used by gcc-4.2
configure:4739: result: /Developer/usr/libexec/gcc/i686-apple-darwin10/4.2.1/ld
configure:4746: checking if the linker (/Developer/usr/libexec/gcc/i686-apple-darwin10/4.2.1/ld) is GNU ld
configure:4761: result: no
configure:4773: checking for BSD- or MS-compatible name lister (nm)
configure:4822: result: /Developer/usr/bin/nm
configure:4952: checking the name lister (/Developer/usr/bin/nm) interface
configure:4959: gcc-4.2 -c -Wall -force_cpusubtype_ALL -mmacosx-version-min=10.4 -arch i386 -arch ppc -arch x86_64 -I/opt/mapc/include:/opt/cuscus/include:/usr/local/include:/opt/local/include:/Developer/usr/include:/include:/usr/include:/opt/X11/include:/usr/X11/include:/opt/sw/include conftest.c >&5
configure:4962: /Developer/usr/bin/nm "conftest.o"
configure:4965: output
0000000000000000 D _some_variable
configure:4972: result: BSD nm
configure:4975: checking whether ln -s works
configure:4979: result: yes
configure:4987: checking the maximum length of command line arguments
configure:5117: result: 196608
configure:5134: checking whether the shell understands some XSI constructs
configure:5144: result: yes
configure:5148: checking whether the shell understands "+="
configure:5154: result: yes
configure:5189: checking how to convert i386-apple-darwin10.8.0 file names to i386-apple-darwin10.8.0 format
configure:5229: result: func_convert_file_noop
configure:5236: checking how to convert i386-apple-darwin10.8.0 file names to toolchain format
configure:5256: result: func_convert_file_noop
configure:5263: checking for /Developer/usr/libexec/gcc/i686-apple-darwin10/4.2.1/ld option to reload object files
configure:5270: result: -r
configure:5344: checking for objdump
configure:5374: result: no
configure:5403: checking how to recognize dependent libraries
configure:5605: result: pass_all
configure:5690: checking for dlltool
configure:5720: result: no
configure:5750: checking how to associate runtime and link libraries
configure:5777: result: printf %s\n
configure:5838: checking for ar
configure:5854: found /Developer/usr/bin/ar
configure:5865: result: ar
configure:5902: checking for archiver @FILE support
configure:5919: gcc-4.2 -c -Wall -force_cpusubtype_ALL -mmacosx-version-min=10.4 -arch i386 -arch ppc -arch x86_64 -I/opt/mapc/include:/opt/cuscus/include:/usr/local/include:/opt/local/include:/Developer/usr/include:/include:/usr/include:/opt/X11/include:/usr/X11/include:/opt/sw/include conftest.c >&5
configure:5919: $? = 0
configure:5922: ar cru libconftest.a @conftest.lst >&5
ar: @conftest.lst: No such file or directory
configure:5925: $? = 1
configure:5945: result: no
configure:6003: checking for strip
configure:6019: found /Developer/usr/bin/strip
configure:6030: result: strip
configure:6102: checking for ranlib
configure:6118: found /Developer/usr/bin/ranlib
configure:6129: result: ranlib
configure:6231: checking command to parse /Developer/usr/bin/nm output from gcc-4.2 object
configure:6351: gcc-4.2 -c -Wall -force_cpusubtype_ALL -mmacosx-version-min=10.4 -arch i386 -arch ppc -arch x86_64 -I/opt/mapc/include:/opt/cuscus/include:/usr/local/include:/opt/local/include:/Developer/usr/include:/include:/usr/include:/opt/X11/include:/usr/X11/include:/opt/sw/include conftest.c >&5
configure:6354: $? = 0
configure:6358: /Developer/usr/bin/nm conftest.o \| sed -n -e 's/^.*[ ]\([BCDEGRST][BCDEGRST]*\)[ ][ ]*\([_A-Za-z][_A-Za-z0-9]*\)$/\1 \2 \2/p' | sed '/ __gnu_lto/d' \> conftest.nm
configure:6361: $? = 0
cannot find nm_test_var in conftest.nm
configure:6351: gcc-4.2 -c -Wall -force_cpusubtype_ALL -mmacosx-version-min=10.4 -arch i386 -arch ppc -arch x86_64 -I/opt/mapc/include:/opt/cuscus/include:/usr/local/include:/opt/local/include:/Developer/usr/include:/include:/usr/include:/opt/X11/include:/usr/X11/include:/opt/sw/include conftest.c >&5
configure:6354: $? = 0
configure:6358: /Developer/usr/bin/nm conftest.o \| sed -n -e 's/^.*[ ]\([BCDEGRST][BCDEGRST]*\)[ ][ ]*_\([_A-Za-z][_A-Za-z0-9]*\)$/\1 _\2 \2/p' | sed '/ __gnu_lto/d' \> conftest.nm
configure:6361: $? = 0
configure:6427: gcc-4.2 -o conftest -Wall -force_cpusubtype_ALL -mmacosx-version-min=10.4 -arch i386 -arch ppc -arch x86_64 -I/opt/mapc/include:/opt/cuscus/include:/usr/local/include:/opt/local/include:/Developer/usr/include:/include:/usr/include:/opt/X11/include:/usr/X11/include:/opt/sw/include -L/opt/mapc/lib:/opt/cuscus/lib:/usr/local/lib:/opt/local/lib:/Developer/usr/lib:/lib:/usr/lib:/opt/X11/lib:/usr/X11/lib:/opt/sw/lib conftest.c conftstm.o >&5
ld: warning: directory '/opt/mapc/lib:/opt/cuscus/lib:/usr/local/lib:/opt/local/lib:/Developer/usr/lib:/lib:/usr/lib:/opt/X11/lib:/usr/X11/lib:/opt/sw/lib' following -L not found
ld: warning: directory '/opt/mapc/lib:/opt/cuscus/lib:/usr/local/lib:/opt/local/lib:/Developer/usr/lib:/lib:/usr/lib:/opt/X11/lib:/usr/X11/lib:/opt/sw/lib' following -L not found
ld: warning: directory '/opt/mapc/lib:/opt/cuscus/lib:/usr/local/lib:/opt/local/lib:/Developer/usr/lib:/lib:/usr/lib:/opt/X11/lib:/usr/X11/lib:/opt/sw/lib' following -L not found
configure:6430: $? = 0
configure:6468: result: ok
configure:6505: checking for sysroot
configure:6535: result: no
configure:6791: checking for mt
configure:6821: result: no
configure:6841: checking if : is a manifest tool
configure:6847: : '-?'
configure:6855: result: no
configure:6911: checking for dsymutil
configure:6927: found /Developer/usr/bin/dsymutil
configure:6938: result: dsymutil
configure:7003: checking for nmedit
configure:7019: found /Developer/usr/bin/nmedit
configure:7030: result: nmedit
configure:7095: checking for lipo
configure:7111: found /usr/bin/lipo
configure:7122: result: lipo
configure:7187: checking for otool
configure:7203: found /Developer/usr/bin/otool
configure:7214: result: otool
configure:7279: checking for otool64
configure:7309: result: no
configure:7354: checking for -single_module linker flag
gcc-4.2 -Wall -force_cpusubtype_ALL -mmacosx-version-min=10.4 -arch i386 -arch ppc -arch x86_64 -L/opt/mapc/lib:/opt/cuscus/lib:/usr/local/lib:/opt/local/lib:/Developer/usr/lib:/lib:/usr/lib:/opt/X11/lib:/usr/X11/lib:/opt/sw/lib -o libconftest.dylib -dynamiclib -Wl,-single_module conftest.c
configure:7387: result: yes
configure:7390: checking for -exported_symbols_list linker flag
configure:7410: gcc-4.2 -o conftest -Wall -force_cpusubtype_ALL -mmacosx-version-min=10.4 -arch i386 -arch ppc -arch x86_64 -I/opt/mapc/include:/opt/cuscus/include:/usr/local/include:/opt/local/include:/Developer/usr/include:/include:/usr/include:/opt/X11/include:/usr/X11/include:/opt/sw/include -L/opt/mapc/lib:/opt/cuscus/lib:/usr/local/lib:/opt/local/lib:/Developer/usr/lib:/lib:/usr/lib:/opt/X11/lib:/usr/X11/lib:/opt/sw/lib -Wl,-exported_symbols_list,conftest.sym conftest.c -lstdc++ >&5
ld: warning: directory '/opt/mapc/lib:/opt/cuscus/lib:/usr/local/lib:/opt/local/lib:/Developer/usr/lib:/lib:/usr/lib:/opt/X11/lib:/usr/X11/lib:/opt/sw/lib' following -L not found
ld: warning: directory '/opt/mapc/lib:/opt/cuscus/lib:/usr/local/lib:/opt/local/lib:/Developer/usr/lib:/lib:/usr/lib:/opt/X11/lib:/usr/X11/lib:/opt/sw/lib' following -L not found
ld: warning: directory '/opt/mapc/lib:/opt/cuscus/lib:/usr/local/lib:/opt/local/lib:/Developer/usr/lib:/lib:/usr/lib:/opt/X11/lib:/usr/X11/lib:/opt/sw/lib' following -L not found
configure:7410: $? = 0
configure:7420: result: yes
configure:7423: checking for -force_load linker flag
gcc-4.2 -Wall -force_cpusubtype_ALL -mmacosx-version-min=10.4 -arch i386 -arch ppc -arch x86_64 -c -o conftest.o conftest.c
ar cru libconftest.a conftest.o
ranlib libconftest.a
gcc-4.2 -Wall -force_cpusubtype_ALL -mmacosx-version-min=10.4 -arch i386 -arch ppc -arch x86_64 -L/opt/mapc/lib:/opt/cuscus/lib:/usr/local/lib:/opt/local/lib:/Developer/usr/lib:/lib:/usr/lib:/opt/X11/lib:/usr/X11/lib:/opt/sw/lib -o conftest conftest.c -Wl,-force_load,./libconftest.a
configure:7455: result: yes
configure:7497: checking how to run the C preprocessor
configure:7528: gcc-4.2 -E -I/opt/mapc/include:/opt/cuscus/include:/usr/local/include:/opt/local/include:/Developer/usr/include:/include:/usr/include:/opt/X11/include:/usr/X11/include:/opt/sw/include conftest.c
configure:7528: $? = 0
configure:7542: gcc-4.2 -E -I/opt/mapc/include:/opt/cuscus/include:/usr/local/include:/opt/local/include:/Developer/usr/include:/include:/usr/include:/opt/X11/include:/usr/X11/include:/opt/sw/include conftest.c
conftest.c:11:28: error: ac_nonexistent.h: No such file or directory
configure:7542: $? = 1
configure: failed program was:
| /* confdefs.h */
| #define PACKAGE_NAME ""
| #define PACKAGE_TARNAME ""
| #define PACKAGE_VERSION ""
| #define PACKAGE_STRING ""
| #define PACKAGE_BUGREPORT ""
| #define PACKAGE_URL ""
| #define PACKAGE "rapidsvn"
| #define VERSION "0.9.6"
| /* end confdefs.h.  */
| #include <ac_nonexistent.h>
configure:7567: result: gcc-4.2 -E
configure:7587: gcc-4.2 -E -I/opt/mapc/include:/opt/cuscus/include:/usr/local/include:/opt/local/include:/Developer/usr/include:/include:/usr/include:/opt/X11/include:/usr/X11/include:/opt/sw/include conftest.c
configure:7587: $? = 0
configure:7601: gcc-4.2 -E -I/opt/mapc/include:/opt/cuscus/include:/usr/local/include:/opt/local/include:/Developer/usr/include:/include:/usr/include:/opt/X11/include:/usr/X11/include:/opt/sw/include conftest.c
conftest.c:11:28: error: ac_nonexistent.h: No such file or directory
configure:7601: $? = 1
configure: failed program was:
| /* confdefs.h */
| #define PACKAGE_NAME ""
| #define PACKAGE_TARNAME ""
| #define PACKAGE_VERSION ""
| #define PACKAGE_STRING ""
| #define PACKAGE_BUGREPORT ""
| #define PACKAGE_URL ""
| #define PACKAGE "rapidsvn"
| #define VERSION "0.9.6"
| /* end confdefs.h.  */
| #include <ac_nonexistent.h>
configure:7630: checking for ANSI C header files
configure:7650: gcc-4.2 -c -Wall -force_cpusubtype_ALL -mmacosx-version-min=10.4 -arch i386 -arch ppc -arch x86_64 -I/opt/mapc/include:/opt/cuscus/include:/usr/local/include:/opt/local/include:/Developer/usr/include:/include:/usr/include:/opt/X11/include:/usr/X11/include:/opt/sw/include conftest.c >&5
configure:7650: $? = 0
configure:7723: gcc-4.2 -o conftest -Wall -force_cpusubtype_ALL -mmacosx-version-min=10.4 -arch i386 -arch ppc -arch x86_64 -I/opt/mapc/include:/opt/cuscus/include:/usr/local/include:/opt/local/include:/Developer/usr/include:/include:/usr/include:/opt/X11/include:/usr/X11/include:/opt/sw/include -L/opt/mapc/lib:/opt/cuscus/lib:/usr/local/lib:/opt/local/lib:/Developer/usr/lib:/lib:/usr/lib:/opt/X11/lib:/usr/X11/lib:/opt/sw/lib conftest.c -lstdc++ >&5
ld: warning: directory '/opt/mapc/lib:/opt/cuscus/lib:/usr/local/lib:/opt/local/lib:/Developer/usr/lib:/lib:/usr/lib:/opt/X11/lib:/usr/X11/lib:/opt/sw/lib' following -L not found
ld: warning: directory '/opt/mapc/lib:/opt/cuscus/lib:/usr/local/lib:/opt/local/lib:/Developer/usr/lib:/lib:/usr/lib:/opt/X11/lib:/usr/X11/lib:/opt/sw/lib' following -L not found
ld: warning: directory '/opt/mapc/lib:/opt/cuscus/lib:/usr/local/lib:/opt/local/lib:/Developer/usr/lib:/lib:/usr/lib:/opt/X11/lib:/usr/X11/lib:/opt/sw/lib' following -L not found
configure:7723: $? = 0
configure:7723: ./conftest
configure:7723: $? = 0
configure:7734: result: yes
configure:7747: checking for sys/types.h
configure:7747: gcc-4.2 -c -Wall -force_cpusubtype_ALL -mmacosx-version-min=10.4 -arch i386 -arch ppc -arch x86_64 -I/opt/mapc/include:/opt/cuscus/include:/usr/local/include:/opt/local/include:/Developer/usr/include:/include:/usr/include:/opt/X11/include:/usr/X11/include:/opt/sw/include conftest.c >&5
configure:7747: $? = 0
configure:7747: result: yes
configure:7747: checking for sys/stat.h
configure:7747: gcc-4.2 -c -Wall -force_cpusubtype_ALL -mmacosx-version-min=10.4 -arch i386 -arch ppc -arch x86_64 -I/opt/mapc/include:/opt/cuscus/include:/usr/local/include:/opt/local/include:/Developer/usr/include:/include:/usr/include:/opt/X11/include:/usr/X11/include:/opt/sw/include conftest.c >&5
configure:7747: $? = 0
configure:7747: result: yes
configure:7747: checking for stdlib.h
configure:7747: gcc-4.2 -c -Wall -force_cpusubtype_ALL -mmacosx-version-min=10.4 -arch i386 -arch ppc -arch x86_64 -I/opt/mapc/include:/opt/cuscus/include:/usr/local/include:/opt/local/include:/Developer/usr/include:/include:/usr/include:/opt/X11/include:/usr/X11/include:/opt/sw/include conftest.c >&5
configure:7747: $? = 0
configure:7747: result: yes
configure:7747: checking for string.h
configure:7747: gcc-4.2 -c -Wall -force_cpusubtype_ALL -mmacosx-version-min=10.4 -arch i386 -arch ppc -arch x86_64 -I/opt/mapc/include:/opt/cuscus/include:/usr/local/include:/opt/local/include:/Developer/usr/include:/include:/usr/include:/opt/X11/include:/usr/X11/include:/opt/sw/include conftest.c >&5
configure:7747: $? = 0
configure:7747: result: yes
configure:7747: checking for memory.h
configure:7747: gcc-4.2 -c -Wall -force_cpusubtype_ALL -mmacosx-version-min=10.4 -arch i386 -arch ppc -arch x86_64 -I/opt/mapc/include:/opt/cuscus/include:/usr/local/include:/opt/local/include:/Developer/usr/include:/include:/usr/include:/opt/X11/include:/usr/X11/include:/opt/sw/include conftest.c >&5
configure:7747: $? = 0
configure:7747: result: yes
configure:7747: checking for strings.h
configure:7747: gcc-4.2 -c -Wall -force_cpusubtype_ALL -mmacosx-version-min=10.4 -arch i386 -arch ppc -arch x86_64 -I/opt/mapc/include:/opt/cuscus/include:/usr/local/include:/opt/local/include:/Developer/usr/include:/include:/usr/include:/opt/X11/include:/usr/X11/include:/opt/sw/include conftest.c >&5
configure:7747: $? = 0
configure:7747: result: yes
configure:7747: checking for inttypes.h
configure:7747: gcc-4.2 -c -Wall -force_cpusubtype_ALL -mmacosx-version-min=10.4 -arch i386 -arch ppc -arch x86_64 -I/opt/mapc/include:/opt/cuscus/include:/usr/local/include:/opt/local/include:/Developer/usr/include:/include:/usr/include:/opt/X11/include:/usr/X11/include:/opt/sw/include conftest.c >&5
configure:7747: $? = 0
configure:7747: result: yes
configure:7747: checking for stdint.h
configure:7747: gcc-4.2 -c -Wall -force_cpusubtype_ALL -mmacosx-version-min=10.4 -arch i386 -arch ppc -arch x86_64 -I/opt/mapc/include:/opt/cuscus/include:/usr/local/include:/opt/local/include:/Developer/usr/include:/include:/usr/include:/opt/X11/include:/usr/X11/include:/opt/sw/include conftest.c >&5
configure:7747: $? = 0
configure:7747: result: yes
configure:7747: checking for unistd.h
configure:7747: gcc-4.2 -c -Wall -force_cpusubtype_ALL -mmacosx-version-min=10.4 -arch i386 -arch ppc -arch x86_64 -I/opt/mapc/include:/opt/cuscus/include:/usr/local/include:/opt/local/include:/Developer/usr/include:/include:/usr/include:/opt/X11/include:/usr/X11/include:/opt/sw/include conftest.c >&5
configure:7747: $? = 0
configure:7747: result: yes
configure:7761: checking for dlfcn.h
configure:7761: gcc-4.2 -c -Wall -force_cpusubtype_ALL -mmacosx-version-min=10.4 -arch i386 -arch ppc -arch x86_64 -I/opt/mapc/include:/opt/cuscus/include:/usr/local/include:/opt/local/include:/Developer/usr/include:/include:/usr/include:/opt/X11/include:/usr/X11/include:/opt/sw/include conftest.c >&5
configure:7761: $? = 0
configure:7761: result: yes
configure:7976: checking for objdir
configure:7991: result: .libs
configure:8258: checking if gcc-4.2 supports -fno-rtti -fno-exceptions
configure:8276: gcc-4.2 -c -Wall -force_cpusubtype_ALL -mmacosx-version-min=10.4 -arch i386 -arch ppc -arch x86_64 -I/opt/mapc/include:/opt/cuscus/include:/usr/local/include:/opt/local/include:/Developer/usr/include:/include:/usr/include:/opt/X11/include:/usr/X11/include:/opt/sw/include -fno-rtti -fno-exceptions conftest.c >&5
cc1: warning: command line option "-fno-rtti" is valid for C++/ObjC++ but not for C
cc1: warning: command line option "-fno-rtti" is valid for C++/ObjC++ but not for C
cc1: warning: command line option "-fno-rtti" is valid for C++/ObjC++ but not for C
configure:8280: $? = 0
configure:8293: result: no
configure:8620: checking for gcc-4.2 option to produce PIC
configure:8627: result: -fno-common -DPIC
configure:8635: checking if gcc-4.2 PIC flag -fno-common -DPIC works
configure:8653: gcc-4.2 -c -Wall -force_cpusubtype_ALL -mmacosx-version-min=10.4 -arch i386 -arch ppc -arch x86_64 -I/opt/mapc/include:/opt/cuscus/include:/usr/local/include:/opt/local/include:/Developer/usr/include:/include:/usr/include:/opt/X11/include:/usr/X11/include:/opt/sw/include -fno-common -DPIC -DPIC conftest.c >&5
configure:8657: $? = 0
configure:8670: result: yes
configure:8699: checking if gcc-4.2 static flag -static works
configure:8727: result: no
configure:8742: checking if gcc-4.2 supports -c -o file.o
configure:8763: gcc-4.2 -c -Wall -force_cpusubtype_ALL -mmacosx-version-min=10.4 -arch i386 -arch ppc -arch x86_64 -I/opt/mapc/include:/opt/cuscus/include:/usr/local/include:/opt/local/include:/Developer/usr/include:/include:/usr/include:/opt/X11/include:/usr/X11/include:/opt/sw/include -o out/conftest2.o conftest.c >&5
configure:8767: $? = 0
configure:8789: result: yes
configure:8797: checking if gcc-4.2 supports -c -o file.o
configure:8844: result: yes
configure:8877: checking whether the gcc-4.2 linker (/Developer/usr/libexec/gcc/i686-apple-darwin10/4.2.1/ld) supports shared libraries
configure:10030: result: yes
configure:10270: checking dynamic linker characteristics
configure:11003: result: darwin10.8.0 dyld
configure:11110: checking how to hardcode library paths into programs
configure:11135: result: immediate
configure:11180: checking for dlopen in -ldl
configure:11205: gcc-4.2 -o conftest -Wall -force_cpusubtype_ALL -mmacosx-version-min=10.4 -arch i386 -arch ppc -arch x86_64 -I/opt/mapc/include:/opt/cuscus/include:/usr/local/include:/opt/local/include:/Developer/usr/include:/include:/usr/include:/opt/X11/include:/usr/X11/include:/opt/sw/include -L/opt/mapc/lib:/opt/cuscus/lib:/usr/local/lib:/opt/local/lib:/Developer/usr/lib:/lib:/usr/lib:/opt/X11/lib:/usr/X11/lib:/opt/sw/lib conftest.c -ldl  -lstdc++ >&5
ld: warning: directory '/opt/mapc/lib:/opt/cuscus/lib:/usr/local/lib:/opt/local/lib:/Developer/usr/lib:/lib:/usr/lib:/opt/X11/lib:/usr/X11/lib:/opt/sw/lib' following -L not found
ld: warning: directory '/opt/mapc/lib:/opt/cuscus/lib:/usr/local/lib:/opt/local/lib:/Developer/usr/lib:/lib:/usr/lib:/opt/X11/lib:/usr/X11/lib:/opt/sw/lib' following -L not found
ld: warning: directory '/opt/mapc/lib:/opt/cuscus/lib:/usr/local/lib:/opt/local/lib:/Developer/usr/lib:/lib:/usr/lib:/opt/X11/lib:/usr/X11/lib:/opt/sw/lib' following -L not found
configure:11205: $? = 0
configure:11214: result: yes
configure:11429: checking whether a program can dlopen itself
configure:11509: gcc-4.2 -o conftest -Wall -force_cpusubtype_ALL -mmacosx-version-min=10.4 -arch i386 -arch ppc -arch x86_64 -I/opt/mapc/include:/opt/cuscus/include:/usr/local/include:/opt/local/include:/Developer/usr/include:/include:/usr/include:/opt/X11/include:/usr/X11/include:/opt/sw/include -DHAVE_DLFCN_H -L/opt/mapc/lib:/opt/cuscus/lib:/usr/local/lib:/opt/local/lib:/Developer/usr/lib:/lib:/usr/lib:/opt/X11/lib:/usr/X11/lib:/opt/sw/lib  conftest.c -ldl -lstdc++ >&5
ld: warning: directory '/opt/mapc/lib:/opt/cuscus/lib:/usr/local/lib:/opt/local/lib:/Developer/usr/lib:/lib:/usr/lib:/opt/X11/lib:/usr/X11/lib:/opt/sw/lib' following -L not found
ld: warning: directory '/opt/mapc/lib:/opt/cuscus/lib:/usr/local/lib:/opt/local/lib:/Developer/usr/lib:/lib:/usr/lib:/opt/X11/lib:/usr/X11/lib:/opt/sw/lib' following -L not found
ld: warning: directory '/opt/mapc/lib:/opt/cuscus/lib:/usr/local/lib:/opt/local/lib:/Developer/usr/lib:/lib:/usr/lib:/opt/X11/lib:/usr/X11/lib:/opt/sw/lib' following -L not found
configure:11512: $? = 0
configure:11530: result: yes
configure:11535: checking whether a statically linked program can dlopen itself
configure:11615: gcc-4.2 -o conftest -Wall -force_cpusubtype_ALL -mmacosx-version-min=10.4 -arch i386 -arch ppc -arch x86_64 -I/opt/mapc/include:/opt/cuscus/include:/usr/local/include:/opt/local/include:/Developer/usr/include:/include:/usr/include:/opt/X11/include:/usr/X11/include:/opt/sw/include -DHAVE_DLFCN_H -L/opt/mapc/lib:/opt/cuscus/lib:/usr/local/lib:/opt/local/lib:/Developer/usr/lib:/lib:/usr/lib:/opt/X11/lib:/usr/X11/lib:/opt/sw/lib   conftest.c -ldl -lstdc++ >&5
ld: warning: directory '/opt/mapc/lib:/opt/cuscus/lib:/usr/local/lib:/opt/local/lib:/Developer/usr/lib:/lib:/usr/lib:/opt/X11/lib:/usr/X11/lib:/opt/sw/lib' following -L not found
ld: warning: directory '/opt/mapc/lib:/opt/cuscus/lib:/usr/local/lib:/opt/local/lib:/Developer/usr/lib:/lib:/usr/lib:/opt/X11/lib:/usr/X11/lib:/opt/sw/lib' following -L not found
ld: warning: directory '/opt/mapc/lib:/opt/cuscus/lib:/usr/local/lib:/opt/local/lib:/Developer/usr/lib:/lib:/usr/lib:/opt/X11/lib:/usr/X11/lib:/opt/sw/lib' following -L not found
configure:11618: $? = 0
configure:11636: result: yes
configure:11675: checking whether stripping libraries is possible
configure:11689: result: yes
configure:11715: checking if libtool supports shared libraries
configure:11717: result: yes
configure:11720: checking whether to build shared libraries
configure:11741: result: yes
configure:11744: checking whether to build static libraries
configure:11748: result: yes
configure:11771: checking how to run the C++ preprocessor
configure:11837: result: gcc-4.2 -E
configure:11857: gcc-4.2 -E -I/opt/mapc/include:/opt/cuscus/include:/usr/local/include:/opt/local/include:/Developer/usr/include:/include:/usr/include:/opt/X11/include:/usr/X11/include:/opt/sw/include conftest.cpp
configure:11857: $? = 0
configure:11871: gcc-4.2 -E -I/opt/mapc/include:/opt/cuscus/include:/usr/local/include:/opt/local/include:/Developer/usr/include:/include:/usr/include:/opt/X11/include:/usr/X11/include:/opt/sw/include conftest.cpp
conftest.cpp:23:28: error: ac_nonexistent.h: No such file or directory
configure:11871: $? = 1
configure: failed program was:
| /* confdefs.h */
| #define PACKAGE_NAME ""
| #define PACKAGE_TARNAME ""
| #define PACKAGE_VERSION ""
| #define PACKAGE_STRING ""
| #define PACKAGE_BUGREPORT ""
| #define PACKAGE_URL ""
| #define PACKAGE "rapidsvn"
| #define VERSION "0.9.6"
| #define STDC_HEADERS 1
| #define HAVE_SYS_TYPES_H 1
| #define HAVE_SYS_STAT_H 1
| #define HAVE_STDLIB_H 1
| #define HAVE_STRING_H 1
| #define HAVE_MEMORY_H 1
| #define HAVE_STRINGS_H 1
| #define HAVE_INTTYPES_H 1
| #define HAVE_STDINT_H 1
| #define HAVE_UNISTD_H 1
| #define HAVE_DLFCN_H 1
| #define LT_OBJDIR ".libs/"
| /* end confdefs.h.  */
| #include <ac_nonexistent.h>
configure:12040: checking for ld used by gcc-4.2
configure:12107: result: /Developer/usr/libexec/gcc/i686-apple-darwin10/4.2.1/ld
configure:12114: checking if the linker (/Developer/usr/libexec/gcc/i686-apple-darwin10/4.2.1/ld) is GNU ld
configure:12129: result: no
configure:12184: checking whether the gcc-4.2 linker (/Developer/usr/libexec/gcc/i686-apple-darwin10/4.2.1/ld) supports shared libraries
configure:13189: result: yes
configure:13225: gcc-4.2 -c -Wall -force_cpusubtype_ALL -mmacosx-version-min=10.4 -arch i386 -arch ppc -arch x86_64 -I/opt/mapc/include:/opt/cuscus/include:/usr/local/include:/opt/local/include:/Developer/usr/include:/include:/usr/include:/opt/X11/include:/usr/X11/include:/opt/sw/include conftest.cpp >&5
configure:13228: $? = 0
configure:13748: checking for gcc-4.2 option to produce PIC
configure:13755: result: -fno-common -DPIC
configure:13763: checking if gcc-4.2 PIC flag -fno-common -DPIC works
configure:13781: gcc-4.2 -c -Wall -force_cpusubtype_ALL -mmacosx-version-min=10.4 -arch i386 -arch ppc -arch x86_64 -I/opt/mapc/include:/opt/cuscus/include:/usr/local/include:/opt/local/include:/Developer/usr/include:/include:/usr/include:/opt/X11/include:/usr/X11/include:/opt/sw/include -fno-common -DPIC -DPIC conftest.cpp >&5
configure:13785: $? = 0
configure:13798: result: yes
configure:13821: checking if gcc-4.2 static flag -static works
configure:13849: result: no
configure:13861: checking if gcc-4.2 supports -c -o file.o
configure:13882: gcc-4.2 -c -Wall -force_cpusubtype_ALL -mmacosx-version-min=10.4 -arch i386 -arch ppc -arch x86_64 -I/opt/mapc/include:/opt/cuscus/include:/usr/local/include:/opt/local/include:/Developer/usr/include:/include:/usr/include:/opt/X11/include:/usr/X11/include:/opt/sw/include -o out/conftest2.o conftest.cpp >&5
configure:13886: $? = 0
configure:13908: result: yes
configure:13913: checking if gcc-4.2 supports -c -o file.o
configure:13960: result: yes
configure:13990: checking whether the gcc-4.2 linker (/Developer/usr/libexec/gcc/i686-apple-darwin10/4.2.1/ld) supports shared libraries
configure:14026: result: yes
configure:14167: checking dynamic linker characteristics
configure:14834: result: darwin10.8.0 dyld
configure:14887: checking how to hardcode library paths into programs
configure:14912: result: immediate
configure:14977: checking for gcc/g++
configure:14980: result: found (using "-Wall" and "-fexceptions")
configure:15003: checking for APR
configure:15013: result: found
configure:15036: checking for APR util
configure:15046: result: found
configure:15068: checking Neon
configure:15078: result: found
configure:15101: checking for Subversion headers
configure:15111: result: found
configure:15131: checking for Subversion libraries
configure:15141: result: found
configure:15162: checking wxWidgets version
configure:15172: result: 2.8.11
configure:15193: checking for platform specifics
configure:15198: result: darwin
configure:15221: checking cppunit-config
configure:15228: result: found
configure:15250: checking xsltproc
configure:15257: result: found
configure:15318: checking docbook xsl stylesheet for manpages
configure:15327: result: not found
configure:15346: checking manpage creation
configure:15357: result: no (xsltproc and docbook-xsl with manpage support needed)
configure:15374: checking doxygen
configure:15384: result: not found
configure:15403: checking dot
configure:15413: result: not found
configure:15632: creating ./config.status

## ---------------------- ##
## Running config.status. ##
## ---------------------- ##

This file was extended by config.status, which was
generated by GNU Autoconf 2.68.  Invocation command line was

  CONFIG_FILES    = 
  CONFIG_HEADERS  = 
  CONFIG_LINKS    = 
  CONFIG_COMMANDS = 
  $ ./config.status 

on femputer.local

config.status:1114: creating Makefile
config.status:1114: creating doc/Makefile
config.status:1114: creating doc/manpage/Makefile
config.status:1114: creating doc/svncpp/Makefile
config.status:1114: creating include/Makefile
config.status:1114: creating include/svncpp/Makefile
config.status:1114: creating packages/Makefile
config.status:1114: creating packages/debian/Makefile
config.status:1114: creating packages/osx/Makefile
config.status:1114: creating packages/rpm/Makefile
config.status:1114: creating packages/win32/Makefile
config.status:1114: creating src/Makefile
config.status:1114: creating src/locale/Makefile
config.status:1114: creating src/res/Makefile
config.status:1114: creating src/svncpp/Makefile
config.status:1114: creating src/tests/Makefile
config.status:1114: creating src/tests/svncpp/Makefile
config.status:1114: creating tools/Makefile
config.status:1286: executing depfiles commands
config.status:1286: executing libtool commands

## ---------------- ##
## Cache variables. ##
## ---------------- ##

ac_cv_build=i386-apple-darwin10.8.0
ac_cv_c_compiler_gnu=yes
ac_cv_cxx_compiler_gnu=yes
ac_cv_env_CCC_set=
ac_cv_env_CCC_value=
ac_cv_env_CC_set=set
ac_cv_env_CC_value=gcc-4.2
ac_cv_env_CFLAGS_set=set
ac_cv_env_CFLAGS_value='-Wall -force_cpusubtype_ALL -mmacosx-version-min=10.4 -arch i386 -arch ppc -arch x86_64'
ac_cv_env_CPPFLAGS_set=set
ac_cv_env_CPPFLAGS_value=-I/opt/mapc/include:/opt/cuscus/include:/usr/local/include:/opt/local/include:/Developer/usr/include:/include:/usr/include:/opt/X11/include:/usr/X11/include:/opt/sw/include
ac_cv_env_CPP_set=
ac_cv_env_CPP_value=
ac_cv_env_CXXCPP_set=set
ac_cv_env_CXXCPP_value='gcc-4.2 -E'
ac_cv_env_CXXFLAGS_set=set
ac_cv_env_CXXFLAGS_value='-Wall -force_cpusubtype_ALL -mmacosx-version-min=10.4 -arch i386 -arch ppc -arch x86_64'
ac_cv_env_CXX_set=set
ac_cv_env_CXX_value=gcc-4.2
ac_cv_env_LDFLAGS_set=set
ac_cv_env_LDFLAGS_value=-L/opt/mapc/lib:/opt/cuscus/lib:/usr/local/lib:/opt/local/lib:/Developer/usr/lib:/lib:/usr/lib:/opt/X11/lib:/usr/X11/lib:/opt/sw/lib
ac_cv_env_LIBS_set=set
ac_cv_env_LIBS_value=-lstdc++
ac_cv_env_build_alias_set=
ac_cv_env_build_alias_value=
ac_cv_env_host_alias_set=
ac_cv_env_host_alias_value=
ac_cv_env_target_alias_set=
ac_cv_env_target_alias_value=
ac_cv_header_dlfcn_h=yes
ac_cv_header_inttypes_h=yes
ac_cv_header_memory_h=yes
ac_cv_header_stdc=yes
ac_cv_header_stdint_h=yes
ac_cv_header_stdlib_h=yes
ac_cv_header_string_h=yes
ac_cv_header_strings_h=yes
ac_cv_header_sys_stat_h=yes
ac_cv_header_sys_types_h=yes
ac_cv_header_unistd_h=yes
ac_cv_host=i386-apple-darwin10.8.0
ac_cv_lib_dl_dlopen=yes
ac_cv_objext=o
ac_cv_path_EGREP='/usr/bin/grep -E'
ac_cv_path_FGREP='/usr/bin/grep -F'
ac_cv_path_GREP=/usr/bin/grep
ac_cv_path_SED=/usr/bin/sed
ac_cv_path_install='/usr/bin/install -c'
ac_cv_prog_AWK=gawk
ac_cv_prog_CPP='gcc-4.2 -E'
ac_cv_prog_CXXCPP='gcc-4.2 -E'
ac_cv_prog_ac_ct_AR=ar
ac_cv_prog_ac_ct_CC=gcc-4.2
ac_cv_prog_ac_ct_DSYMUTIL=dsymutil
ac_cv_prog_ac_ct_LIPO=lipo
ac_cv_prog_ac_ct_NMEDIT=nmedit
ac_cv_prog_ac_ct_OTOOL=otool
ac_cv_prog_ac_ct_RANLIB=ranlib
ac_cv_prog_ac_ct_STRIP=strip
ac_cv_prog_cc_c89=
ac_cv_prog_cc_g=yes
ac_cv_prog_cxx_g=yes
ac_cv_prog_make_make_set=yes
ac_cv_target=i386-apple-darwin10.8.0
am_cv_CC_dependencies_compiler_type=none
am_cv_CXX_dependencies_compiler_type=none
lt_cv_apple_cc_single_mod=yes
lt_cv_ar_at_file=no
lt_cv_deplibs_check_method=pass_all
lt_cv_dlopen=dlopen
lt_cv_dlopen_libs=-ldl
lt_cv_dlopen_self=yes
lt_cv_dlopen_self_static=yes
lt_cv_file_magic_cmd='$MAGIC_CMD'
lt_cv_file_magic_test_file=
lt_cv_ld_exported_symbols_list=yes
lt_cv_ld_force_load=yes
lt_cv_ld_reload_flag=-r
lt_cv_nm_interface='BSD nm'
lt_cv_objdir=.libs
lt_cv_path_LD=/Developer/usr/libexec/gcc/i686-apple-darwin10/4.2.1/ld
lt_cv_path_LDCXX=/Developer/usr/libexec/gcc/i686-apple-darwin10/4.2.1/ld
lt_cv_path_NM=/Developer/usr/bin/nm
lt_cv_path_mainfest_tool=no
lt_cv_prog_compiler_c_o=yes
lt_cv_prog_compiler_c_o_CXX=yes
lt_cv_prog_compiler_pic='-fno-common -DPIC'
lt_cv_prog_compiler_pic_CXX='-fno-common -DPIC'
lt_cv_prog_compiler_pic_works=yes
lt_cv_prog_compiler_pic_works_CXX=yes
lt_cv_prog_compiler_rtti_exceptions=no
lt_cv_prog_compiler_static_works=no
lt_cv_prog_compiler_static_works_CXX=no
lt_cv_prog_gnu_ld=no
lt_cv_prog_gnu_ldcxx=no
lt_cv_sharedlib_from_linklib_cmd='printf %s\n'
lt_cv_sys_global_symbol_pipe='sed -n -e '\''s/^.*[	 ]\([BCDEGRST][BCDEGRST]*\)[	 ][	 ]*_\([_A-Za-z][_A-Za-z0-9]*\)$/\1 _\2 \2/p'\'' | sed '\''/ __gnu_lto/d'\'''
lt_cv_sys_global_symbol_to_c_name_address='sed -n -e '\''s/^: \([^ ]*\)[ ]*$/  {\"\1\", (void *) 0},/p'\'' -e '\''s/^[BCDEGRST]* \([^ ]*\) \([^ ]*\)$/  {"\2", (void *) \&\2},/p'\'''
lt_cv_sys_global_symbol_to_c_name_address_lib_prefix='sed -n -e '\''s/^: \([^ ]*\)[ ]*$/  {\"\1\", (void *) 0},/p'\'' -e '\''s/^[BCDEGRST]* \([^ ]*\) \(lib[^ ]*\)$/  {"\2", (void *) \&\2},/p'\'' -e '\''s/^[BCDEGRST]* \([^ ]*\) \([^ ]*\)$/  {"lib\2", (void *) \&\2},/p'\'''
lt_cv_sys_global_symbol_to_cdecl='sed -n -e '\''s/^T .* \(.*\)$/extern int \1();/p'\'' -e '\''s/^[BCDEGRST]* .* \(.*\)$/extern char \1;/p'\'''
lt_cv_sys_max_cmd_len=196608
lt_cv_to_host_file_cmd=func_convert_file_noop
lt_cv_to_tool_file_cmd=func_convert_file_noop

## ----------------- ##
## Output variables. ##
## ----------------- ##

ACLOCAL='${SHELL} /Developer/Projects/cube2/sauerbomber/trunk/src/xcode/Libs/src/rapidsvn-0.9.6/missing --run aclocal-1.11'
AMDEPBACKSLASH=''
AMDEP_FALSE=''
AMDEP_TRUE='#'
AMTAR='${SHELL} /Developer/Projects/cube2/sauerbomber/trunk/src/xcode/Libs/src/rapidsvn-0.9.6/missing --run tar'
APR_LIBS=' -L/Developer/Projects/cube2/sauerbomber/trunk/src/xcode/Libs/lib -lapr-1  -lpthread  -L/Developer/Projects/cube2/sauerbomber/trunk/src/xcode/Libs/lib -laprutil-1     -lexpat -liconv'
AR='ar'
AUTOCONF='${SHELL} /Developer/Projects/cube2/sauerbomber/trunk/src/xcode/Libs/src/rapidsvn-0.9.6/missing --run autoconf'
AUTOHEADER='${SHELL} /Developer/Projects/cube2/sauerbomber/trunk/src/xcode/Libs/src/rapidsvn-0.9.6/missing --run autoheader'
AUTOMAKE='${SHELL} /Developer/Projects/cube2/sauerbomber/trunk/src/xcode/Libs/src/rapidsvn-0.9.6/missing --run automake-1.11'
AWK='gawk'
CC='gcc-4.2'
CCDEPMODE='depmode=none'
CFLAGS='-Wall -force_cpusubtype_ALL -mmacosx-version-min=10.4 -arch i386 -arch ppc -arch x86_64'
CPP='gcc-4.2 -E'
CPPFLAGS='-I/opt/mapc/include:/opt/cuscus/include:/usr/local/include:/opt/local/include:/Developer/usr/include:/include:/usr/include:/opt/X11/include:/usr/X11/include:/opt/sw/include -I/Developer/Projects/cube2/sauerbomber/trunk/src/xcode/Libs/src/rapidsvn-0.9.6/include -Wall -fexceptions    -DDARWIN -DSIGPROCMASK_SETS_THREAD_MASK -no-cpp-precomp -DDARWIN_10  -I/Developer/Projects/cube2/sauerbomber/trunk/src/xcode/Libs/include/apr-1   -I/Developer/Projects/cube2/sauerbomber/trunk/src/xcode/Libs/include/apr-1  -I/opt/local/include/neon -I/usr/local/include/subversion-1 -I/usr/local/Cellar/wxmac/2.8.11/lib/wx/include/mac-unicode-release-2.8 -I/usr/local/Cellar/wxmac/2.8.11/include/wx-2.8 -D_FILE_OFFSET_BITS=64 -D_LARGE_FILES -D__WXMAC__'
CPPUNIT_CXXFLAGS='-I/opt/local/include'
CPPUNIT_LIBS='-L/opt/local/lib -lcppunit -ldl'
CXX='gcc-4.2'
CXXCPP='gcc-4.2 -E'
CXXDEPMODE='depmode=none'
CXXFLAGS='-Wall -force_cpusubtype_ALL -mmacosx-version-min=10.4 -arch i386 -arch ppc -arch x86_64 -Wall -fexceptions -I/usr/local/Cellar/wxmac/2.8.11/lib/wx/include/mac-unicode-release-2.8 -I/usr/local/Cellar/wxmac/2.8.11/include/wx-2.8 -D_FILE_OFFSET_BITS=64 -D_LARGE_FILES -D__WXMAC__ '
CYGPATH_W='echo'
DEFS='-DPACKAGE_NAME=\"\" -DPACKAGE_TARNAME=\"\" -DPACKAGE_VERSION=\"\" -DPACKAGE_STRING=\"\" -DPACKAGE_BUGREPORT=\"\" -DPACKAGE_URL=\"\" -DPACKAGE=\"rapidsvn\" -DVERSION=\"0.9.6\" -DSTDC_HEADERS=1 -DHAVE_SYS_TYPES_H=1 -DHAVE_SYS_STAT_H=1 -DHAVE_STDLIB_H=1 -DHAVE_STRING_H=1 -DHAVE_MEMORY_H=1 -DHAVE_STRINGS_H=1 -DHAVE_INTTYPES_H=1 -DHAVE_STDINT_H=1 -DHAVE_UNISTD_H=1 -DHAVE_DLFCN_H=1 -DLT_OBJDIR=\".libs/\"'
DEPDIR='.deps'
DLLTOOL='false'
DOCBOOK_MANPAGES=''
DOXYGEN=''
DOXYGEN_DIST=''
DSYMUTIL='dsymutil'
DUMPBIN=''
ECHO_C='\c'
ECHO_N=''
ECHO_T=''
EGREP='/usr/bin/grep -E'
EXEEXT=''
EXTRA_LIBS='-framework Security'
FGREP='/usr/bin/grep -F'
GREP='/usr/bin/grep'
INSTALL_DATA='${INSTALL} -m 644'
INSTALL_PROGRAM='${INSTALL}'
INSTALL_SCRIPT='${INSTALL}'
INSTALL_STRIP_PROGRAM='$(install_sh) -c -s'
LD='/Developer/usr/libexec/gcc/i686-apple-darwin10/4.2.1/ld'
LDFLAGS='-L/opt/mapc/lib:/opt/cuscus/lib:/usr/local/lib:/opt/local/lib:/Developer/usr/lib:/lib:/usr/lib:/opt/X11/lib:/usr/X11/lib:/opt/sw/lib'
LIBOBJS=''
LIBS='-lstdc++'
LIBTOOL='$(SHELL) $(top_builddir)/libtool'
LIPO='lipo'
LN_S='ln -s'
LTLIBOBJS=''
MAKEINFO='${SHELL} /Developer/Projects/cube2/sauerbomber/trunk/src/xcode/Libs/src/rapidsvn-0.9.6/missing --run makeinfo'
MANIFEST_TOOL=':'
MAN_MANS=''
MKDIR_P='./install-sh -c -d'
NEON_LIBS='-L/opt/local/lib -arch x86_64 -L/opt/local/lib -lneon -lintl -lz -L/opt/local/lib -lssl -lcrypto -lz -dynamic -O2 -arch x86_64 -Wl,-search_paths_first -lgssapi_krb5 -lkrb5 -lk5crypto -lcom_err -lresolv -lexpat'
NM='/Developer/usr/bin/nm'
NMEDIT='nmedit'
OBJDUMP='false'
OBJEXT='o'
OTOOL64=':'
OTOOL='otool'
PACKAGE='rapidsvn'
PACKAGE_BUGREPORT=''
PACKAGE_NAME=''
PACKAGE_STRING=''
PACKAGE_TARNAME=''
PACKAGE_URL=''
PACKAGE_VERSION=''
PATH_SEPARATOR=':'
RANLIB='ranlib'
SED='/usr/bin/sed'
SET_MAKE=''
SHELL='/bin/sh'
STRIP='strip'
SVN_LIBS='-L/usr/local/lib -lsvn_client-1 -lsvn_wc-1 -lsvn_ra-1 -lsvn_delta-1 -lsvn_subr-1'
TARGET_DOXYGEN='doxygen-no'
TARGET_MANPAGE='manpage-no'
VERSION='0.9.6'
WX_LIBS='-L/usr/local/Cellar/wxmac/2.8.11/lib  -arch i386 -framework IOKit -framework Carbon -framework Cocoa -framework System -framework QuickTime -framework OpenGL -framework AGL  -lwx_macu_richtext-2.8 -lwx_macu_aui-2.8 -lwx_macu_xrc-2.8 -lwx_macu_qa-2.8 -lwx_macu_html-2.8 -lwx_macu_adv-2.8 -lwx_macu_core-2.8 -lwx_base_carbonu_xml-2.8 -lwx_base_carbonu_net-2.8 -lwx_base_carbonu-2.8 '
XSLTPROC='xsltproc'
ac_ct_AR='ar'
ac_ct_CC='gcc-4.2'
ac_ct_CXX=''
ac_ct_DUMPBIN=''
am__EXEEXT_FALSE=''
am__EXEEXT_TRUE='#'
am__fastdepCC_FALSE=''
am__fastdepCC_TRUE='#'
am__fastdepCXX_FALSE=''
am__fastdepCXX_TRUE='#'
am__include='include'
am__isrc=''
am__leading_dot='.'
am__nodep=''
am__quote=''
am__tar='${AMTAR} chof - "$$tardir"'
am__untar='${AMTAR} xf -'
bindir='${exec_prefix}/bin'
build='i386-apple-darwin10.8.0'
build_alias=''
build_cpu='i386'
build_os='darwin10.8.0'
build_vendor='apple'
datadir='${datarootdir}'
datarootdir='${prefix}/share'
docdir='${datarootdir}/doc/${PACKAGE}'
dvidir='${docdir}'
exec_prefix='${prefix}'
host='i386-apple-darwin10.8.0'
host_alias=''
host_cpu='i386'
host_os='darwin10.8.0'
host_vendor='apple'
htmldir='${docdir}'
includedir='${prefix}/include'
infodir='${datarootdir}/info'
install_sh='${SHELL} /Developer/Projects/cube2/sauerbomber/trunk/src/xcode/Libs/src/rapidsvn-0.9.6/install-sh'
libdir='${exec_prefix}/lib'
libexecdir='${exec_prefix}/libexec'
localedir='${datarootdir}/locale'
localstatedir='${prefix}/var'
mandir='${datarootdir}/man'
mkdir_p='$(top_builddir)/./install-sh -c -d'
oldincludedir='/usr/include'
pdfdir='${docdir}'
prefix='/Developer/Projects/cube2/sauerbomber/trunk/src/xcode/Libs'
program_transform_name='s,x,x,'
psdir='${docdir}'
sbindir='${exec_prefix}/sbin'
sharedstatedir='${prefix}/com'
sysconfdir='${prefix}/etc'
target='i386-apple-darwin10.8.0'
target_alias=''
target_cpu='i386'
target_os='darwin10.8.0'
target_vendor='apple'

## ----------- ##
## confdefs.h. ##
## ----------- ##

/* confdefs.h */
#define PACKAGE_NAME ""
#define PACKAGE_TARNAME ""
#define PACKAGE_VERSION ""
#define PACKAGE_STRING ""
#define PACKAGE_BUGREPORT ""
#define PACKAGE_URL ""
#define PACKAGE "rapidsvn"
#define VERSION "0.9.6"
#define STDC_HEADERS 1
#define HAVE_SYS_TYPES_H 1
#define HAVE_SYS_STAT_H 1
#define HAVE_STDLIB_H 1
#define HAVE_STRING_H 1
#define HAVE_MEMORY_H 1
#define HAVE_STRINGS_H 1
#define HAVE_INTTYPES_H 1
#define HAVE_STDINT_H 1
#define HAVE_UNISTD_H 1
#define HAVE_DLFCN_H 1
#define LT_OBJDIR ".libs/"

configure: exit 0
