This file contains any messages produced by compilers while
running configure, to aid debugging if configure makes a mistake.

It was created by configure, which was
generated by GNU Autoconf 2.61.  Invocation command line was

  $ ./configure --prefix=/Developer/Projects/cube2/sauerbomber/trunk/src/xcode/Libs --disable-dependency-tracking

## --------- ##
## Platform. ##
## --------- ##

hostname = femputer.local
uname -m = i386
uname -r = 10.8.0
uname -s = Darwin
uname -v = Darwin Kernel Version 10.8.0: Tue Jun  7 16:33:36 PDT 2011; root:xnu-1504.15.3~1/RELEASE_I386

/usr/bin/uname -p = i386
/bin/uname -X     = unknown

/bin/arch              = unknown
/usr/bin/arch -k       = unknown
/usr/convex/getsysinfo = unknown
/usr/bin/hostinfo      = Mach kernel version:
	 Darwin Kernel Version 10.8.0: Tue Jun  7 16:33:36 PDT 2011; root:xnu-1504.15.3~1/RELEASE_I386
Kernel configured for up to 2 processors.
2 processors are physically available.
2 processors are logically available.
Processor type: i486 (Intel 80486)
Processors active: 0 1
Primary memory available: 2.00 gigabytes
Default processor set: 91 tasks, 356 threads, 2 processors
Load average: 0.65, Mach factor: 1.33
/bin/machine           = unknown
/usr/bin/oslevel       = unknown
/bin/universe          = unknown

PATH: /Users/michael/usr/sbin
PATH: /sbin
PATH: /usr/sbin
PATH: /Users/michael/usr/bin
PATH: .
PATH: /opt/mapc/bin
PATH: /opt/mapc/sbin
PATH: /opt/cuscus/bin
PATH: /opt/cuscus/sbin
PATH: /usr/local/bin
PATH: /usr/local/sbin
PATH: /opt/local/bin
PATH: /opt/local/sbin
PATH: /Developer/usr/bin
PATH: /Developer/usr/sbin
PATH: /bin
PATH: /sbin
PATH: /usr/bin
PATH: /usr/sbin
PATH: /opt/X11/bin
PATH: /opt/X11/sbin
PATH: /usr/X11/bin
PATH: /usr/X11/sbin
PATH: /opt/sw/bin
PATH: /opt/sw/sbin
PATH: /Developer/SDKs/Android/tools
PATH: /usr/texbin
PATH: /var/root/.local/bin
PATH: .
PATH: /Users/michael/usr/games
PATH: /usr/local/games


## ----------- ##
## Core tests. ##
## ----------- ##

configure:2041: checking build system type
configure:2059: result: x86_64-apple-darwin10.8.0
configure:2081: checking host system type
configure:2096: result: x86_64-apple-darwin10.8.0
configure:2166: checking for gcc
configure:2193: result: gcc-4.2
configure:2431: checking for C compiler version
configure:2438: gcc-4.2 --version >&5
i686-apple-darwin10-gcc-4.2.1 (GCC) 4.2.1 (Apple Inc. build 5666) (dot 3)
Copyright (C) 2007 Free Software Foundation, Inc.
This is free software; see the source for copying conditions.  There is NO
warranty; not even for MERCHANTABILITY or FITNESS FOR A PARTICULAR PURPOSE.

configure:2441: $? = 0
configure:2448: gcc-4.2 -v >&5
Using built-in specs.
Target: i686-apple-darwin10
Configured with: /var/tmp/gcc/gcc-5666.3~6/src/configure --disable-checking --enable-werror --prefix=/usr --mandir=/share/man --enable-languages=c,objc,c++,obj-c++ --program-transform-name=/^[cg][^.-]*$/s/$/-4.2/ --with-slibdir=/usr/lib --build=i686-apple-darwin10 --program-prefix=i686-apple-darwin10- --host=x86_64-apple-darwin10 --target=i686-apple-darwin10 --with-gxx-include-dir=/include/c++/4.2.1
Thread model: posix
gcc version 4.2.1 (Apple Inc. build 5666) (dot 3)
configure:2451: $? = 0
configure:2458: gcc-4.2 -V >&5
gcc-4.2: argument to `-V' is missing
configure:2461: $? = 1
configure:2484: checking for C compiler default output file name
configure:2511: gcc-4.2 -Wall -force_cpusubtype_ALL -mmacosx-version-min=10.4 -arch i386 -arch ppc -arch x86_64  -I/opt/mapc/include -I/opt/cuscus/include -I/usr/local/include -I/opt/local/include -I/Developer/usr/include -I/include -I/usr/include -I/opt/X11/include -I/usr/X11/include -I/opt/sw/include -Wall -force_cpusubtype_ALL -mmacosx-version-min=10.4 -arch i386 -arch ppc -arch x86_64 -F/Developer/Projects/cube2/sauerbomber/trunk/src/xcode/Libs/Frameworks -L/Developer/Projects/cube2/sauerbomber/trunk/src/xcode/Libs/lib  -I/opt/mapc/include -I/opt/cuscus/include -I/usr/local/include -I/opt/local/include -I/Developer/usr/include -I/include -I/usr/include -I/opt/X11/include -I/usr/X11/include -I/opt/sw/include -framework SDL -lstdc++ conftest.c  -I/opt/mapc/include -I/opt/cuscus/include -I/usr/local/include -I/opt/local/include -I/Developer/usr/include -I/include -I/usr/include -I/opt/X11/include -I/usr/X11/include -I/opt/sw/include -framework SDL -lstdc++ >&5
configure:2514: $? = 0
configure:2552: result: a.out
configure:2569: checking whether the C compiler works
configure:2579: ./a.out
configure:2582: $? = 0
configure:2599: result: yes
configure:2606: checking whether we are cross compiling
configure:2608: result: no
configure:2611: checking for suffix of executables
configure:2618: gcc-4.2 -o conftest -Wall -force_cpusubtype_ALL -mmacosx-version-min=10.4 -arch i386 -arch ppc -arch x86_64  -I/opt/mapc/include -I/opt/cuscus/include -I/usr/local/include -I/opt/local/include -I/Developer/usr/include -I/include -I/usr/include -I/opt/X11/include -I/usr/X11/include -I/opt/sw/include -Wall -force_cpusubtype_ALL -mmacosx-version-min=10.4 -arch i386 -arch ppc -arch x86_64 -F/Developer/Projects/cube2/sauerbomber/trunk/src/xcode/Libs/Frameworks -L/Developer/Projects/cube2/sauerbomber/trunk/src/xcode/Libs/lib  -I/opt/mapc/include -I/opt/cuscus/include -I/usr/local/include -I/opt/local/include -I/Developer/usr/include -I/include -I/usr/include -I/opt/X11/include -I/usr/X11/include -I/opt/sw/include -framework SDL -lstdc++ conftest.c  -I/opt/mapc/include -I/opt/cuscus/include -I/usr/local/include -I/opt/local/include -I/Developer/usr/include -I/include -I/usr/include -I/opt/X11/include -I/usr/X11/include -I/opt/sw/include -framework SDL -lstdc++ >&5
configure:2621: $? = 0
configure:2645: result: 
configure:2651: checking for suffix of object files
configure:2677: gcc-4.2 -c -Wall -force_cpusubtype_ALL -mmacosx-version-min=10.4 -arch i386 -arch ppc -arch x86_64  -I/opt/mapc/include -I/opt/cuscus/include -I/usr/local/include -I/opt/local/include -I/Developer/usr/include -I/include -I/usr/include -I/opt/X11/include -I/usr/X11/include -I/opt/sw/include conftest.c >&5
configure:2680: $? = 0
configure:2703: result: o
configure:2707: checking whether we are using the GNU C compiler
configure:2736: gcc-4.2 -c -Wall -force_cpusubtype_ALL -mmacosx-version-min=10.4 -arch i386 -arch ppc -arch x86_64  -I/opt/mapc/include -I/opt/cuscus/include -I/usr/local/include -I/opt/local/include -I/Developer/usr/include -I/include -I/usr/include -I/opt/X11/include -I/usr/X11/include -I/opt/sw/include conftest.c >&5
configure:2742: $? = 0
configure:2759: result: yes
configure:2764: checking whether gcc-4.2 accepts -g
configure:2794: gcc-4.2 -c -g  -I/opt/mapc/include -I/opt/cuscus/include -I/usr/local/include -I/opt/local/include -I/Developer/usr/include -I/include -I/usr/include -I/opt/X11/include -I/usr/X11/include -I/opt/sw/include conftest.c >&5
configure:2800: $? = 0
configure:2899: result: yes
configure:2916: checking for gcc-4.2 option to accept ISO C89
configure:2990: gcc-4.2  -c -Wall -force_cpusubtype_ALL -mmacosx-version-min=10.4 -arch i386 -arch ppc -arch x86_64  -I/opt/mapc/include -I/opt/cuscus/include -I/usr/local/include -I/opt/local/include -I/Developer/usr/include -I/include -I/usr/include -I/opt/X11/include -I/usr/X11/include -I/opt/sw/include conftest.c >&5
configure:2996: $? = 0
configure:3019: result: none needed
configure:3037: checking for a sed that does not truncate output
configure:3116: result: /usr/bin/sed
configure:3134: checking for grep that handles long lines and -e
configure:3208: result: /usr/bin/grep
configure:3213: checking for egrep
configure:3291: result: /usr/bin/grep -E
configure:3296: checking for fgrep
configure:3374: result: /usr/bin/grep -F
configure:3409: checking for ld used by gcc-4.2
configure:3476: result: /Developer/usr/libexec/gcc/i686-apple-darwin10/4.2.1/ld
configure:3485: checking if the linker (/Developer/usr/libexec/gcc/i686-apple-darwin10/4.2.1/ld) is GNU ld
configure:3500: result: no
configure:3512: checking for BSD- or MS-compatible name lister (nm)
configure:3561: result: /Developer/usr/bin/nm
configure:3683: checking the name lister (/Developer/usr/bin/nm) interface
configure:3690: gcc-4.2 -c -Wall -force_cpusubtype_ALL -mmacosx-version-min=10.4 -arch i386 -arch ppc -arch x86_64  -I/opt/mapc/include -I/opt/cuscus/include -I/usr/local/include -I/opt/local/include -I/Developer/usr/include -I/include -I/usr/include -I/opt/X11/include -I/usr/X11/include -I/opt/sw/include conftest.c >&5
configure:3693: /Developer/usr/bin/nm "conftest.o"
configure:3696: output
0000000000000000 D _some_variable
configure:3703: result: BSD nm
configure:3706: checking whether ln -s works
configure:3710: result: yes
configure:3718: checking the maximum length of command line arguments
configure:3844: result: 196608
configure:3861: checking whether the shell understands some XSI constructs
configure:3871: result: yes
configure:3875: checking whether the shell understands "+="
configure:3881: result: yes
configure:3916: checking for /Developer/usr/libexec/gcc/i686-apple-darwin10/4.2.1/ld option to reload object files
configure:3923: result: -r
configure:3992: checking for objdump
configure:4022: result: no
configure:4052: checking how to recognize dependent libraries
configure:4250: result: pass_all
configure:4310: checking for ar
configure:4326: found /Developer/usr/bin/ar
configure:4337: result: ar
configure:4419: checking for strip
configure:4435: found /Developer/usr/bin/strip
configure:4446: result: strip
configure:4522: checking for ranlib
configure:4538: found /Developer/usr/bin/ranlib
configure:4549: result: ranlib
configure:4643: checking command to parse /Developer/usr/bin/nm output from gcc-4.2 object
configure:4761: gcc-4.2 -c -Wall -force_cpusubtype_ALL -mmacosx-version-min=10.4 -arch i386 -arch ppc -arch x86_64  -I/opt/mapc/include -I/opt/cuscus/include -I/usr/local/include -I/opt/local/include -I/Developer/usr/include -I/include -I/usr/include -I/opt/X11/include -I/usr/X11/include -I/opt/sw/include conftest.c >&5
configure:4764: $? = 0
configure:4768: /Developer/usr/bin/nm conftest.o \| sed -n -e 's/^.*[	 ]\([BCDEGRST][BCDEGRST]*\)[	 ][	 ]*\([_A-Za-z][_A-Za-z0-9]*\)$/\1 \2 \2/p' \> conftest.nm
configure:4771: $? = 0
cannot find nm_test_var in conftest.nm
configure:4761: gcc-4.2 -c -Wall -force_cpusubtype_ALL -mmacosx-version-min=10.4 -arch i386 -arch ppc -arch x86_64  -I/opt/mapc/include -I/opt/cuscus/include -I/usr/local/include -I/opt/local/include -I/Developer/usr/include -I/include -I/usr/include -I/opt/X11/include -I/usr/X11/include -I/opt/sw/include conftest.c >&5
configure:4764: $? = 0
configure:4768: /Developer/usr/bin/nm conftest.o \| sed -n -e 's/^.*[	 ]\([BCDEGRST][BCDEGRST]*\)[	 ][	 ]*_\([_A-Za-z][_A-Za-z0-9]*\)$/\1 _\2 \2/p' \> conftest.nm
configure:4771: $? = 0
configure:4825: gcc-4.2 -o conftest -Wall -force_cpusubtype_ALL -mmacosx-version-min=10.4 -arch i386 -arch ppc -arch x86_64  -I/opt/mapc/include -I/opt/cuscus/include -I/usr/local/include -I/opt/local/include -I/Developer/usr/include -I/include -I/usr/include -I/opt/X11/include -I/usr/X11/include -I/opt/sw/include -Wall -force_cpusubtype_ALL -mmacosx-version-min=10.4 -arch i386 -arch ppc -arch x86_64 -F/Developer/Projects/cube2/sauerbomber/trunk/src/xcode/Libs/Frameworks -L/Developer/Projects/cube2/sauerbomber/trunk/src/xcode/Libs/lib  -I/opt/mapc/include -I/opt/cuscus/include -I/usr/local/include -I/opt/local/include -I/Developer/usr/include -I/include -I/usr/include -I/opt/X11/include -I/usr/X11/include -I/opt/sw/include -framework SDL -lstdc++ conftest.c conftstm.o >&5
configure:4828: $? = 0
configure:4866: result: ok
configure:5156: checking for dsymutil
configure:5172: found /Developer/usr/bin/dsymutil
configure:5183: result: dsymutil
configure:5252: checking for nmedit
configure:5268: found /Developer/usr/bin/nmedit
configure:5279: result: nmedit
configure:5348: checking for lipo
configure:5364: found /usr/bin/lipo
configure:5375: result: lipo
configure:5444: checking for otool
configure:5460: found /Developer/usr/bin/otool
configure:5471: result: otool
configure:5540: checking for otool64
configure:5570: result: no
configure:5619: checking for -single_module linker flag
gcc-4.2 -Wall -force_cpusubtype_ALL -mmacosx-version-min=10.4 -arch i386 -arch ppc -arch x86_64 -Wall -force_cpusubtype_ALL -mmacosx-version-min=10.4 -arch i386 -arch ppc -arch x86_64 -F/Developer/Projects/cube2/sauerbomber/trunk/src/xcode/Libs/Frameworks -L/Developer/Projects/cube2/sauerbomber/trunk/src/xcode/Libs/lib  -I/opt/mapc/include -I/opt/cuscus/include -I/usr/local/include -I/opt/local/include -I/Developer/usr/include -I/include -I/usr/include -I/opt/X11/include -I/usr/X11/include -I/opt/sw/include -framework SDL -lstdc++ -o libconftest.dylib -dynamiclib -Wl,-single_module conftest.c
configure:5646: result: yes
configure:5648: checking for -exported_symbols_list linker flag
configure:5678: gcc-4.2 -o conftest -Wall -force_cpusubtype_ALL -mmacosx-version-min=10.4 -arch i386 -arch ppc -arch x86_64  -I/opt/mapc/include -I/opt/cuscus/include -I/usr/local/include -I/opt/local/include -I/Developer/usr/include -I/include -I/usr/include -I/opt/X11/include -I/usr/X11/include -I/opt/sw/include -Wall -force_cpusubtype_ALL -mmacosx-version-min=10.4 -arch i386 -arch ppc -arch x86_64 -F/Developer/Projects/cube2/sauerbomber/trunk/src/xcode/Libs/Frameworks -L/Developer/Projects/cube2/sauerbomber/trunk/src/xcode/Libs/lib  -I/opt/mapc/include -I/opt/cuscus/include -I/usr/local/include -I/opt/local/include -I/Developer/usr/include -I/include -I/usr/include -I/opt/X11/include -I/usr/X11/include -I/opt/sw/include -framework SDL -lstdc++ -Wl,-exported_symbols_list,conftest.sym conftest.c  -I/opt/mapc/include -I/opt/cuscus/include -I/usr/local/include -I/opt/local/include -I/Developer/usr/include -I/include -I/usr/include -I/opt/X11/include -I/usr/X11/include -I/opt/sw/include -framework SDL -lstdc++ >&5
configure:5684: $? = 0
configure:5703: result: yes
configure:5745: checking how to run the C preprocessor
configure:5785: gcc-4.2 -E  -I/opt/mapc/include -I/opt/cuscus/include -I/usr/local/include -I/opt/local/include -I/Developer/usr/include -I/include -I/usr/include -I/opt/X11/include -I/usr/X11/include -I/opt/sw/include conftest.c
configure:5791: $? = 0
configure:5822: gcc-4.2 -E  -I/opt/mapc/include -I/opt/cuscus/include -I/usr/local/include -I/opt/local/include -I/Developer/usr/include -I/include -I/usr/include -I/opt/X11/include -I/usr/X11/include -I/opt/sw/include conftest.c
conftest.c:8:28: error: ac_nonexistent.h: No such file or directory
configure:5828: $? = 1
configure: failed program was:
| /* confdefs.h.  */
| #define PACKAGE_NAME ""
| #define PACKAGE_TARNAME ""
| #define PACKAGE_VERSION ""
| #define PACKAGE_STRING ""
| #define PACKAGE_BUGREPORT ""
| /* end confdefs.h.  */
| #include <ac_nonexistent.h>
configure:5861: result: gcc-4.2 -E
configure:5890: gcc-4.2 -E  -I/opt/mapc/include -I/opt/cuscus/include -I/usr/local/include -I/opt/local/include -I/Developer/usr/include -I/include -I/usr/include -I/opt/X11/include -I/usr/X11/include -I/opt/sw/include conftest.c
configure:5896: $? = 0
configure:5927: gcc-4.2 -E  -I/opt/mapc/include -I/opt/cuscus/include -I/usr/local/include -I/opt/local/include -I/Developer/usr/include -I/include -I/usr/include -I/opt/X11/include -I/usr/X11/include -I/opt/sw/include conftest.c
conftest.c:8:28: error: ac_nonexistent.h: No such file or directory
configure:5933: $? = 1
configure: failed program was:
| /* confdefs.h.  */
| #define PACKAGE_NAME ""
| #define PACKAGE_TARNAME ""
| #define PACKAGE_VERSION ""
| #define PACKAGE_STRING ""
| #define PACKAGE_BUGREPORT ""
| /* end confdefs.h.  */
| #include <ac_nonexistent.h>
configure:5971: checking for ANSI C header files
configure:6001: gcc-4.2 -c -Wall -force_cpusubtype_ALL -mmacosx-version-min=10.4 -arch i386 -arch ppc -arch x86_64  -I/opt/mapc/include -I/opt/cuscus/include -I/usr/local/include -I/opt/local/include -I/Developer/usr/include -I/include -I/usr/include -I/opt/X11/include -I/usr/X11/include -I/opt/sw/include conftest.c >&5
configure:6007: $? = 0
configure:6106: gcc-4.2 -o conftest -Wall -force_cpusubtype_ALL -mmacosx-version-min=10.4 -arch i386 -arch ppc -arch x86_64  -I/opt/mapc/include -I/opt/cuscus/include -I/usr/local/include -I/opt/local/include -I/Developer/usr/include -I/include -I/usr/include -I/opt/X11/include -I/usr/X11/include -I/opt/sw/include -Wall -force_cpusubtype_ALL -mmacosx-version-min=10.4 -arch i386 -arch ppc -arch x86_64 -F/Developer/Projects/cube2/sauerbomber/trunk/src/xcode/Libs/Frameworks -L/Developer/Projects/cube2/sauerbomber/trunk/src/xcode/Libs/lib  -I/opt/mapc/include -I/opt/cuscus/include -I/usr/local/include -I/opt/local/include -I/Developer/usr/include -I/include -I/usr/include -I/opt/X11/include -I/usr/X11/include -I/opt/sw/include -framework SDL -lstdc++ conftest.c  -I/opt/mapc/include -I/opt/cuscus/include -I/usr/local/include -I/opt/local/include -I/Developer/usr/include -I/include -I/usr/include -I/opt/X11/include -I/usr/X11/include -I/opt/sw/include -framework SDL -lstdc++ >&5
configure:6109: $? = 0
configure:6115: ./conftest
configure:6118: $? = 0
configure:6135: result: yes
configure:6159: checking for sys/types.h
configure:6180: gcc-4.2 -c -Wall -force_cpusubtype_ALL -mmacosx-version-min=10.4 -arch i386 -arch ppc -arch x86_64  -I/opt/mapc/include -I/opt/cuscus/include -I/usr/local/include -I/opt/local/include -I/Developer/usr/include -I/include -I/usr/include -I/opt/X11/include -I/usr/X11/include -I/opt/sw/include conftest.c >&5
configure:6186: $? = 0
configure:6202: result: yes
configure:6159: checking for sys/stat.h
configure:6180: gcc-4.2 -c -Wall -force_cpusubtype_ALL -mmacosx-version-min=10.4 -arch i386 -arch ppc -arch x86_64  -I/opt/mapc/include -I/opt/cuscus/include -I/usr/local/include -I/opt/local/include -I/Developer/usr/include -I/include -I/usr/include -I/opt/X11/include -I/usr/X11/include -I/opt/sw/include conftest.c >&5
configure:6186: $? = 0
configure:6202: result: yes
configure:6159: checking for stdlib.h
configure:6180: gcc-4.2 -c -Wall -force_cpusubtype_ALL -mmacosx-version-min=10.4 -arch i386 -arch ppc -arch x86_64  -I/opt/mapc/include -I/opt/cuscus/include -I/usr/local/include -I/opt/local/include -I/Developer/usr/include -I/include -I/usr/include -I/opt/X11/include -I/usr/X11/include -I/opt/sw/include conftest.c >&5
configure:6186: $? = 0
configure:6202: result: yes
configure:6159: checking for string.h
configure:6180: gcc-4.2 -c -Wall -force_cpusubtype_ALL -mmacosx-version-min=10.4 -arch i386 -arch ppc -arch x86_64  -I/opt/mapc/include -I/opt/cuscus/include -I/usr/local/include -I/opt/local/include -I/Developer/usr/include -I/include -I/usr/include -I/opt/X11/include -I/usr/X11/include -I/opt/sw/include conftest.c >&5
configure:6186: $? = 0
configure:6202: result: yes
configure:6159: checking for memory.h
configure:6180: gcc-4.2 -c -Wall -force_cpusubtype_ALL -mmacosx-version-min=10.4 -arch i386 -arch ppc -arch x86_64  -I/opt/mapc/include -I/opt/cuscus/include -I/usr/local/include -I/opt/local/include -I/Developer/usr/include -I/include -I/usr/include -I/opt/X11/include -I/usr/X11/include -I/opt/sw/include conftest.c >&5
configure:6186: $? = 0
configure:6202: result: yes
configure:6159: checking for strings.h
configure:6180: gcc-4.2 -c -Wall -force_cpusubtype_ALL -mmacosx-version-min=10.4 -arch i386 -arch ppc -arch x86_64  -I/opt/mapc/include -I/opt/cuscus/include -I/usr/local/include -I/opt/local/include -I/Developer/usr/include -I/include -I/usr/include -I/opt/X11/include -I/usr/X11/include -I/opt/sw/include conftest.c >&5
configure:6186: $? = 0
configure:6202: result: yes
configure:6159: checking for inttypes.h
configure:6180: gcc-4.2 -c -Wall -force_cpusubtype_ALL -mmacosx-version-min=10.4 -arch i386 -arch ppc -arch x86_64  -I/opt/mapc/include -I/opt/cuscus/include -I/usr/local/include -I/opt/local/include -I/Developer/usr/include -I/include -I/usr/include -I/opt/X11/include -I/usr/X11/include -I/opt/sw/include conftest.c >&5
configure:6186: $? = 0
configure:6202: result: yes
configure:6159: checking for stdint.h
configure:6180: gcc-4.2 -c -Wall -force_cpusubtype_ALL -mmacosx-version-min=10.4 -arch i386 -arch ppc -arch x86_64  -I/opt/mapc/include -I/opt/cuscus/include -I/usr/local/include -I/opt/local/include -I/Developer/usr/include -I/include -I/usr/include -I/opt/X11/include -I/usr/X11/include -I/opt/sw/include conftest.c >&5
configure:6186: $? = 0
configure:6202: result: yes
configure:6159: checking for unistd.h
configure:6180: gcc-4.2 -c -Wall -force_cpusubtype_ALL -mmacosx-version-min=10.4 -arch i386 -arch ppc -arch x86_64  -I/opt/mapc/include -I/opt/cuscus/include -I/usr/local/include -I/opt/local/include -I/Developer/usr/include -I/include -I/usr/include -I/opt/X11/include -I/usr/X11/include -I/opt/sw/include conftest.c >&5
configure:6186: $? = 0
configure:6202: result: yes
configure:6218: checking for dlfcn.h
configure:6239: gcc-4.2 -c -Wall -force_cpusubtype_ALL -mmacosx-version-min=10.4 -arch i386 -arch ppc -arch x86_64  -I/opt/mapc/include -I/opt/cuscus/include -I/usr/local/include -I/opt/local/include -I/Developer/usr/include -I/include -I/usr/include -I/opt/X11/include -I/usr/X11/include -I/opt/sw/include conftest.c >&5
configure:6245: $? = 0
configure:6261: result: yes
configure:6755: checking for objdir
configure:6770: result: .libs
configure:7066: checking if gcc-4.2 supports -fno-rtti -fno-exceptions
configure:7084: gcc-4.2 -c -Wall -force_cpusubtype_ALL -mmacosx-version-min=10.4 -arch i386 -arch ppc -arch x86_64  -I/opt/mapc/include -I/opt/cuscus/include -I/usr/local/include -I/opt/local/include -I/Developer/usr/include -I/include -I/usr/include -I/opt/X11/include -I/usr/X11/include -I/opt/sw/include -fno-rtti -fno-exceptions conftest.c >&5
cc1: warning: command line option "-fno-rtti" is valid for C++/ObjC++ but not for C
cc1: warning: command line option "-fno-rtti" is valid for C++/ObjC++ but not for C
cc1: warning: command line option "-fno-rtti" is valid for C++/ObjC++ but not for C
configure:7088: $? = 0
configure:7101: result: no
configure:7121: checking for gcc-4.2 option to produce PIC
configure:7393: result: -fno-common -DPIC
configure:7405: checking if gcc-4.2 PIC flag -fno-common -DPIC works
configure:7423: gcc-4.2 -c -Wall -force_cpusubtype_ALL -mmacosx-version-min=10.4 -arch i386 -arch ppc -arch x86_64  -I/opt/mapc/include -I/opt/cuscus/include -I/usr/local/include -I/opt/local/include -I/Developer/usr/include -I/include -I/usr/include -I/opt/X11/include -I/usr/X11/include -I/opt/sw/include -fno-common -DPIC -DPIC conftest.c >&5
configure:7427: $? = 0
configure:7440: result: yes
configure:7464: checking if gcc-4.2 static flag -static works
configure:7492: result: no
configure:7507: checking if gcc-4.2 supports -c -o file.o
configure:7528: gcc-4.2 -c -Wall -force_cpusubtype_ALL -mmacosx-version-min=10.4 -arch i386 -arch ppc -arch x86_64  -I/opt/mapc/include -I/opt/cuscus/include -I/usr/local/include -I/opt/local/include -I/Developer/usr/include -I/include -I/usr/include -I/opt/X11/include -I/usr/X11/include -I/opt/sw/include -o out/conftest2.o conftest.c >&5
configure:7532: $? = 0
configure:7554: result: yes
configure:7562: checking if gcc-4.2 supports -c -o file.o
configure:7609: result: yes
configure:7642: checking whether the gcc-4.2 linker (/Developer/usr/libexec/gcc/i686-apple-darwin10/4.2.1/ld) supports shared libraries
configure:8704: result: yes
configure:8943: checking dynamic linker characteristics
configure:9624: result: darwin10.8.0 dyld
configure:9726: checking how to hardcode library paths into programs
configure:9751: result: immediate
configure:10556: checking whether stripping libraries is possible
configure:10570: result: yes
configure:10596: checking if libtool supports shared libraries
configure:10598: result: yes
configure:10601: checking whether to build shared libraries
configure:10622: result: yes
configure:10625: checking whether to build static libraries
configure:10629: result: yes
configure:10757: checking for gcc
configure:10784: result: gcc-4.2
configure:11022: checking for C compiler version
configure:11029: gcc-4.2 --version >&5
i686-apple-darwin10-gcc-4.2.1 (GCC) 4.2.1 (Apple Inc. build 5666) (dot 3)
Copyright (C) 2007 Free Software Foundation, Inc.
This is free software; see the source for copying conditions.  There is NO
warranty; not even for MERCHANTABILITY or FITNESS FOR A PARTICULAR PURPOSE.

configure:11032: $? = 0
configure:11039: gcc-4.2 -v >&5
Using built-in specs.
Target: i686-apple-darwin10
Configured with: /var/tmp/gcc/gcc-5666.3~6/src/configure --disable-checking --enable-werror --prefix=/usr --mandir=/share/man --enable-languages=c,objc,c++,obj-c++ --program-transform-name=/^[cg][^.-]*$/s/$/-4.2/ --with-slibdir=/usr/lib --build=i686-apple-darwin10 --program-prefix=i686-apple-darwin10- --host=x86_64-apple-darwin10 --target=i686-apple-darwin10 --with-gxx-include-dir=/include/c++/4.2.1
Thread model: posix
gcc version 4.2.1 (Apple Inc. build 5666) (dot 3)
configure:11042: $? = 0
configure:11049: gcc-4.2 -V >&5
gcc-4.2: argument to `-V' is missing
configure:11052: $? = 1
configure:11055: checking whether we are using the GNU C compiler
configure:11107: result: yes
configure:11112: checking whether gcc-4.2 accepts -g
configure:11247: result: yes
configure:11264: checking for gcc-4.2 option to accept ISO C89
configure:11367: result: none needed
configure:11398: checking for a BSD-compatible install
configure:11454: result: /usr/bin/install -c
configure:11465: checking whether make sets $(MAKE)
configure:11486: result: yes
configure:11504: checking for windres
configure:11534: result: no
configure:11504: checking for darwin10.8.0-windres
configure:11534: result: no
configure:11571: checking for an ANSI C-conforming const
configure:11646: gcc-4.2 -c -Wall -force_cpusubtype_ALL -mmacosx-version-min=10.4 -arch i386 -arch ppc -arch x86_64  -D_GNU_SOURCE=1  -I/opt/mapc/include -I/opt/cuscus/include -I/usr/local/include -I/opt/local/include -I/Developer/usr/include -I/include -I/usr/include -I/opt/X11/include -I/usr/X11/include -I/opt/sw/include  -D_GNU_SOURCE=1 conftest.c >&5
configure:11652: $? = 0
configure:11667: result: yes
configure:11917: checking for pkg-config
configure:11935: found /usr/local/bin/pkg-config
configure:11947: result: /usr/local/bin/pkg-config
configure:11976: checking pkg-config is at least version 0.9.0
configure:11979: result: yes
configure:12017: checking for SDL
configure:12025: $PKG_CONFIG --exists --print-errors "sdl >= $min_sdl_version"
configure:12028: $? = 0
configure:12043: $PKG_CONFIG --exists --print-errors "sdl >= $min_sdl_version"
configure:12046: $? = 0
configure:12088: result: yes
configure:12393: checking for pow in -lm
configure:12428: gcc-4.2 -o conftest -Wall -force_cpusubtype_ALL -mmacosx-version-min=10.4 -arch i386 -arch ppc -arch x86_64  -D_GNU_SOURCE=1  -I/opt/mapc/include -I/opt/cuscus/include -I/usr/local/include -I/opt/local/include -I/Developer/usr/include -I/include -I/usr/include -I/opt/X11/include -I/usr/X11/include -I/opt/sw/include  -D_GNU_SOURCE=1 -Wall -force_cpusubtype_ALL -mmacosx-version-min=10.4 -arch i386 -arch ppc -arch x86_64 -F/Developer/Projects/cube2/sauerbomber/trunk/src/xcode/Libs/Frameworks -L/Developer/Projects/cube2/sauerbomber/trunk/src/xcode/Libs/lib  -I/opt/mapc/include -I/opt/cuscus/include -I/usr/local/include -I/opt/local/include -I/Developer/usr/include -I/include -I/usr/include -I/opt/X11/include -I/usr/X11/include -I/opt/sw/include -framework SDL -lstdc++  conftest.c -lm   -I/opt/mapc/include -I/opt/cuscus/include -I/usr/local/include -I/opt/local/include -I/Developer/usr/include -I/include -I/usr/include -I/opt/X11/include -I/usr/X11/include -I/opt/sw/include -framework SDL -lstdc++ >&5
conftest.c:27: warning: conflicting types for built-in function 'pow'
conftest.c:27: warning: conflicting types for built-in function 'pow'
conftest.c:27: warning: conflicting types for built-in function 'pow'
configure:12434: $? = 0
configure:12452: result: yes
configure:11783: checking for GCC -fvisibility=hidden option
configure:11816: gcc-4.2 -c -Wall -force_cpusubtype_ALL -mmacosx-version-min=10.4 -arch i386 -arch ppc -arch x86_64  -D_GNU_SOURCE=1 -fvisibility=hidden -Werror  -I/opt/mapc/include -I/opt/cuscus/include -I/usr/local/include -I/opt/local/include -I/Developer/usr/include -I/include -I/usr/include -I/opt/X11/include -I/usr/X11/include -I/opt/sw/include  -D_GNU_SOURCE=1 conftest.c >&5
configure:11822: $? = 0
configure:11838: result: yes
configure:12475: checking for fork
configure:12531: gcc-4.2 -o conftest -Wall -force_cpusubtype_ALL -mmacosx-version-min=10.4 -arch i386 -arch ppc -arch x86_64  -D_GNU_SOURCE=1  -I/opt/mapc/include -I/opt/cuscus/include -I/usr/local/include -I/opt/local/include -I/Developer/usr/include -I/include -I/usr/include -I/opt/X11/include -I/usr/X11/include -I/opt/sw/include  -D_GNU_SOURCE=1 -Wall -force_cpusubtype_ALL -mmacosx-version-min=10.4 -arch i386 -arch ppc -arch x86_64 -F/Developer/Projects/cube2/sauerbomber/trunk/src/xcode/Libs/Frameworks -L/Developer/Projects/cube2/sauerbomber/trunk/src/xcode/Libs/lib  -I/opt/mapc/include -I/opt/cuscus/include -I/usr/local/include -I/opt/local/include -I/Developer/usr/include -I/include -I/usr/include -I/opt/X11/include -I/usr/X11/include -I/opt/sw/include -framework SDL -lstdc++  conftest.c  -I/opt/mapc/include -I/opt/cuscus/include -I/usr/local/include -I/opt/local/include -I/Developer/usr/include -I/include -I/usr/include -I/opt/X11/include -I/usr/X11/include -I/opt/sw/include -framework SDL -lstdc++ >&5
conftest.c:43: warning: conflicting types for built-in function 'fork'
conftest.c:43: warning: conflicting types for built-in function 'fork'
conftest.c:43: warning: conflicting types for built-in function 'fork'
configure:12537: $? = 0
configure:12555: result: yes
configure:12475: checking for vfork
configure:12531: gcc-4.2 -o conftest -Wall -force_cpusubtype_ALL -mmacosx-version-min=10.4 -arch i386 -arch ppc -arch x86_64  -D_GNU_SOURCE=1  -I/opt/mapc/include -I/opt/cuscus/include -I/usr/local/include -I/opt/local/include -I/Developer/usr/include -I/include -I/usr/include -I/opt/X11/include -I/usr/X11/include -I/opt/sw/include  -D_GNU_SOURCE=1 -Wall -force_cpusubtype_ALL -mmacosx-version-min=10.4 -arch i386 -arch ppc -arch x86_64 -F/Developer/Projects/cube2/sauerbomber/trunk/src/xcode/Libs/Frameworks -L/Developer/Projects/cube2/sauerbomber/trunk/src/xcode/Libs/lib  -I/opt/mapc/include -I/opt/cuscus/include -I/usr/local/include -I/opt/local/include -I/Developer/usr/include -I/include -I/usr/include -I/opt/X11/include -I/usr/X11/include -I/opt/sw/include -framework SDL -lstdc++  conftest.c  -I/opt/mapc/include -I/opt/cuscus/include -I/usr/local/include -I/opt/local/include -I/Developer/usr/include -I/include -I/usr/include -I/opt/X11/include -I/usr/X11/include -I/opt/sw/include -framework SDL -lstdc++ >&5
configure:12537: $? = 0
configure:12555: result: yes
configure:12616: checking for libmikmod-config
configure:12634: found /opt/local/bin/libmikmod-config
configure:12647: result: /opt/local/bin/libmikmod-config
configure:12662: checking for libmikmod - version >= 3.1.10
configure:12696: gcc-4.2 -o conftest -Wall -force_cpusubtype_ALL -mmacosx-version-min=10.4 -arch i386 -arch ppc -arch x86_64  -D_GNU_SOURCE=1 -DLIBMIKMOD_MUSIC -I/opt/local/include  -I/opt/mapc/include -I/opt/cuscus/include -I/usr/local/include -I/opt/local/include -I/Developer/usr/include -I/include -I/usr/include -I/opt/X11/include -I/usr/X11/include -I/opt/sw/include  -D_GNU_SOURCE=1 -Wall -force_cpusubtype_ALL -mmacosx-version-min=10.4 -arch i386 -arch ppc -arch x86_64 -F/Developer/Projects/cube2/sauerbomber/trunk/src/xcode/Libs/Frameworks -L/Developer/Projects/cube2/sauerbomber/trunk/src/xcode/Libs/lib  -I/opt/mapc/include -I/opt/cuscus/include -I/usr/local/include -I/opt/local/include -I/Developer/usr/include -I/include -I/usr/include -I/opt/X11/include -I/usr/X11/include -I/opt/sw/include -framework SDL -lstdc++  conftest.c  -I/opt/mapc/include -I/opt/cuscus/include -I/usr/local/include -I/opt/local/include -I/Developer/usr/include -I/include -I/usr/include -I/opt/X11/include -I/usr/X11/include -I/opt/sw/include -framework SDL -lstdc++ -L/opt/local/lib -lmikmod -framework CoreAudio -Wl,-framework,CoreAudio -L/opt/local/lib >&5
conftest.c: In function 'main':
conftest.c:34: warning: format '%d' expects type 'int', but argument 2 has type 'long int'
conftest.c:34: warning: format '%d' expects type 'int', but argument 3 has type 'long int'
conftest.c:34: warning: format '%d' expects type 'int', but argument 4 has type 'long int'
conftest.c: In function 'main':
conftest.c:34: warning: format '%d' expects type 'int', but argument 2 has type 'long int'
conftest.c:34: warning: format '%d' expects type 'int', but argument 3 has type 'long int'
conftest.c:34: warning: format '%d' expects type 'int', but argument 4 has type 'long int'
ld: warning: in /opt/local/lib/libmikmod.dylib, missing required architecture ppc in file
Undefined symbols for architecture ppc:
  "_MikMod_GetVersion", referenced from:
      _main in ccG7sjQ6.o
ld: symbol(s) not found for architecture ppc
collect2: ld returned 1 exit status
conftest.c: In function 'main':
conftest.c:34: warning: format '%d' expects type 'int', but argument 2 has type 'long int'
conftest.c:34: warning: format '%d' expects type 'int', but argument 3 has type 'long int'
conftest.c:34: warning: format '%d' expects type 'int', but argument 4 has type 'long int'
lipo: can't open input file: /var/tmp//ccKviA9B.out (No such file or directory)
configure:12699: $? = 1
configure: program exited with status 1
configure: failed program was:
| /* confdefs.h.  */
| #define PACKAGE_NAME ""
| #define PACKAGE_TARNAME ""
| #define PACKAGE_VERSION ""
| #define PACKAGE_STRING ""
| #define PACKAGE_BUGREPORT ""
| #define STDC_HEADERS 1
| #define HAVE_SYS_TYPES_H 1
| #define HAVE_SYS_STAT_H 1
| #define HAVE_STDLIB_H 1
| #define HAVE_STRING_H 1
| #define HAVE_MEMORY_H 1
| #define HAVE_STRINGS_H 1
| #define HAVE_INTTYPES_H 1
| #define HAVE_STDINT_H 1
| #define HAVE_UNISTD_H 1
| #define HAVE_DLFCN_H 1
| #define LT_OBJDIR ".libs/"
| #define HAVE_FORK 1
| #define HAVE_VFORK 1
| /* end confdefs.h.  */
| 
| #include "mikmod.h"
| #include "stdio.h"
| 
| int main(int argc, char **argv)
| {
| long maj=3,min=1,rev=10,ver=MikMod_GetVersion();
| /*printf("(%d.%d.%d) ",ver>>16,(ver>>8)&0xff,ver&0xff);*/
| if(ver>=((maj<<16)|(min<<8)|(rev))) {
|     printf("yes\n");
|     return 0;
| }
| printf("no\n*** libmikmod is older than %d.%d.%d, not using.\n",maj,min,rev);
| return 1;
| }
| 
configure:12749: WARNING: *** Unable to find MikMod library (http://mikmod.raphnet.net/)
configure:12882: WARNING: MOD support disabled
configure:12966: checking fluidsynth.h usability
configure:12983: gcc-4.2 -c -Wall -force_cpusubtype_ALL -mmacosx-version-min=10.4 -arch i386 -arch ppc -arch x86_64  -D_GNU_SOURCE=1  -I/opt/mapc/include -I/opt/cuscus/include -I/usr/local/include -I/opt/local/include -I/Developer/usr/include -I/include -I/usr/include -I/opt/X11/include -I/usr/X11/include -I/opt/sw/include  -D_GNU_SOURCE=1 conftest.c >&5
configure:12989: $? = 0
configure:13003: result: yes
configure:13007: checking fluidsynth.h presence
configure:13022: gcc-4.2 -E  -I/opt/mapc/include -I/opt/cuscus/include -I/usr/local/include -I/opt/local/include -I/Developer/usr/include -I/include -I/usr/include -I/opt/X11/include -I/usr/X11/include -I/opt/sw/include  -D_GNU_SOURCE=1 conftest.c
configure:13028: $? = 0
configure:13042: result: yes
configure:13070: checking for fluidsynth.h
configure:13077: result: yes
configure:13086: checking for fluid_player_add_mem in -lfluidsynth
configure:13121: gcc-4.2 -o conftest -Wall -force_cpusubtype_ALL -mmacosx-version-min=10.4 -arch i386 -arch ppc -arch x86_64  -D_GNU_SOURCE=1  -I/opt/mapc/include -I/opt/cuscus/include -I/usr/local/include -I/opt/local/include -I/Developer/usr/include -I/include -I/usr/include -I/opt/X11/include -I/usr/X11/include -I/opt/sw/include  -D_GNU_SOURCE=1 -Wall -force_cpusubtype_ALL -mmacosx-version-min=10.4 -arch i386 -arch ppc -arch x86_64 -F/Developer/Projects/cube2/sauerbomber/trunk/src/xcode/Libs/Frameworks -L/Developer/Projects/cube2/sauerbomber/trunk/src/xcode/Libs/lib  -I/opt/mapc/include -I/opt/cuscus/include -I/usr/local/include -I/opt/local/include -I/Developer/usr/include -I/include -I/usr/include -I/opt/X11/include -I/usr/X11/include -I/opt/sw/include -framework SDL -lstdc++  conftest.c -lfluidsynth   -I/opt/mapc/include -I/opt/cuscus/include -I/usr/local/include -I/opt/local/include -I/Developer/usr/include -I/include -I/usr/include -I/opt/X11/include -I/usr/X11/include -I/opt/sw/include -framework SDL -lstdc++ >&5
ld: warning: in /usr/local/lib/libfluidsynth.dylib, file was built for unsupported file format which is not the architecture being linked (i386)
Undefined symbols for architecture i386:
  "_fluid_player_add_mem", referenced from:
      _main in cc57mw4A.o
ld: symbol(s) not found for architecture i386
collect2: ld returned 1 exit status
ld: warning: in /usr/local/lib/libfluidsynth.dylib, file was built for unsupported file format which is not the architecture being linked (ppc)
Undefined symbols for architecture ppc:
  "_fluid_player_add_mem", referenced from:
      _main in ccKRnSSf.o
ld: symbol(s) not found for architecture ppc
collect2: ld returned 1 exit status
Undefined symbols for architecture x86_64:
  "_fluid_player_add_mem", referenced from:
      _main in ccuXlynT.o
ld: symbol(s) not found for architecture x86_64
collect2: ld returned 1 exit status
lipo: can't open input file: /var/tmp//ccoPemMb.out (No such file or directory)
configure:13127: $? = 1
configure: failed program was:
| /* confdefs.h.  */
| #define PACKAGE_NAME ""
| #define PACKAGE_TARNAME ""
| #define PACKAGE_VERSION ""
| #define PACKAGE_STRING ""
| #define PACKAGE_BUGREPORT ""
| #define STDC_HEADERS 1
| #define HAVE_SYS_TYPES_H 1
| #define HAVE_SYS_STAT_H 1
| #define HAVE_STDLIB_H 1
| #define HAVE_STRING_H 1
| #define HAVE_MEMORY_H 1
| #define HAVE_STRINGS_H 1
| #define HAVE_INTTYPES_H 1
| #define HAVE_STDINT_H 1
| #define HAVE_UNISTD_H 1
| #define HAVE_DLFCN_H 1
| #define LT_OBJDIR ".libs/"
| #define HAVE_FORK 1
| #define HAVE_VFORK 1
| /* end confdefs.h.  */
| 
| /* Override any GCC internal prototype to avoid an error.
|    Use char because int might match the return type of a GCC
|    builtin and then its argument prototype would still apply.  */
| #ifdef __cplusplus
| extern "C"
| #endif
| char fluid_player_add_mem ();
| int
| main ()
| {
| return fluid_player_add_mem ();
|   ;
|   return 0;
| }
configure:13145: result: no
configure:13181: WARNING: *** Unable to find FluidSynth library (http://www.fluidsynth.org/)
configure:13183: WARNING: FluidSynth support disabled
configure:13453: checking vorbis/vorbisfile.h usability
configure:13470: gcc-4.2 -c -Wall -force_cpusubtype_ALL -mmacosx-version-min=10.4 -arch i386 -arch ppc -arch x86_64  -D_GNU_SOURCE=1  -I/opt/mapc/include -I/opt/cuscus/include -I/usr/local/include -I/opt/local/include -I/Developer/usr/include -I/include -I/usr/include -I/opt/X11/include -I/usr/X11/include -I/opt/sw/include  -D_GNU_SOURCE=1 conftest.c >&5
/opt/local/include/vorbis/vorbisfile.h:75: warning: 'OV_CALLBACKS_DEFAULT' defined but not used
/opt/local/include/vorbis/vorbisfile.h:82: warning: 'OV_CALLBACKS_NOCLOSE' defined but not used
/opt/local/include/vorbis/vorbisfile.h:89: warning: 'OV_CALLBACKS_STREAMONLY' defined but not used
/opt/local/include/vorbis/vorbisfile.h:96: warning: 'OV_CALLBACKS_STREAMONLY_NOCLOSE' defined but not used
/opt/local/include/vorbis/vorbisfile.h:75: warning: 'OV_CALLBACKS_DEFAULT' defined but not used
/opt/local/include/vorbis/vorbisfile.h:82: warning: 'OV_CALLBACKS_NOCLOSE' defined but not used
/opt/local/include/vorbis/vorbisfile.h:89: warning: 'OV_CALLBACKS_STREAMONLY' defined but not used
/opt/local/include/vorbis/vorbisfile.h:96: warning: 'OV_CALLBACKS_STREAMONLY_NOCLOSE' defined but not used
/opt/local/include/vorbis/vorbisfile.h:75: warning: 'OV_CALLBACKS_DEFAULT' defined but not used
/opt/local/include/vorbis/vorbisfile.h:82: warning: 'OV_CALLBACKS_NOCLOSE' defined but not used
/opt/local/include/vorbis/vorbisfile.h:89: warning: 'OV_CALLBACKS_STREAMONLY' defined but not used
/opt/local/include/vorbis/vorbisfile.h:96: warning: 'OV_CALLBACKS_STREAMONLY_NOCLOSE' defined but not used
configure:13476: $? = 0
configure:13490: result: yes
configure:13494: checking vorbis/vorbisfile.h presence
configure:13509: gcc-4.2 -E  -I/opt/mapc/include -I/opt/cuscus/include -I/usr/local/include -I/opt/local/include -I/Developer/usr/include -I/include -I/usr/include -I/opt/X11/include -I/usr/X11/include -I/opt/sw/include  -D_GNU_SOURCE=1 conftest.c
configure:13515: $? = 0
configure:13529: result: yes
configure:13557: checking for vorbis/vorbisfile.h
configure:13564: result: yes
configure:13573: checking for ov_open_callbacks in -lvorbisfile
configure:13608: gcc-4.2 -o conftest -Wall -force_cpusubtype_ALL -mmacosx-version-min=10.4 -arch i386 -arch ppc -arch x86_64  -D_GNU_SOURCE=1  -I/opt/mapc/include -I/opt/cuscus/include -I/usr/local/include -I/opt/local/include -I/Developer/usr/include -I/include -I/usr/include -I/opt/X11/include -I/usr/X11/include -I/opt/sw/include  -D_GNU_SOURCE=1 -Wall -force_cpusubtype_ALL -mmacosx-version-min=10.4 -arch i386 -arch ppc -arch x86_64 -F/Developer/Projects/cube2/sauerbomber/trunk/src/xcode/Libs/Frameworks -L/Developer/Projects/cube2/sauerbomber/trunk/src/xcode/Libs/lib  -I/opt/mapc/include -I/opt/cuscus/include -I/usr/local/include -I/opt/local/include -I/Developer/usr/include -I/include -I/usr/include -I/opt/X11/include -I/usr/X11/include -I/opt/sw/include -framework SDL -lstdc++  conftest.c -lvorbisfile   -I/opt/mapc/include -I/opt/cuscus/include -I/usr/local/include -I/opt/local/include -I/Developer/usr/include -I/include -I/usr/include -I/opt/X11/include -I/usr/X11/include -I/opt/sw/include -framework SDL -lstdc++ >&5
ld: warning: in /usr/local/lib/libvorbisfile.dylib, file was built for unsupported file format which is not the architecture being linked (i386)
Undefined symbols for architecture i386:
  "_ov_open_callbacks", referenced from:
      _main in ccIVa2jT.o
ld: symbol(s) not found for architecture i386
collect2: ld returned 1 exit status
ld: warning: in /usr/local/lib/libvorbisfile.dylib, file was built for unsupported file format which is not the architecture being linked (ppc)
Undefined symbols for architecture ppc:
  "_ov_open_callbacks", referenced from:
      _main in cc6umNtv.o
ld: symbol(s) not found for architecture ppc
collect2: ld returned 1 exit status
lipo: can't open input file: /var/tmp//cc7N75sd.out (No such file or directory)
configure:13614: $? = 1
configure: failed program was:
| /* confdefs.h.  */
| #define PACKAGE_NAME ""
| #define PACKAGE_TARNAME ""
| #define PACKAGE_VERSION ""
| #define PACKAGE_STRING ""
| #define PACKAGE_BUGREPORT ""
| #define STDC_HEADERS 1
| #define HAVE_SYS_TYPES_H 1
| #define HAVE_SYS_STAT_H 1
| #define HAVE_STDLIB_H 1
| #define HAVE_STRING_H 1
| #define HAVE_MEMORY_H 1
| #define HAVE_STRINGS_H 1
| #define HAVE_INTTYPES_H 1
| #define HAVE_STDINT_H 1
| #define HAVE_UNISTD_H 1
| #define HAVE_DLFCN_H 1
| #define LT_OBJDIR ".libs/"
| #define HAVE_FORK 1
| #define HAVE_VFORK 1
| /* end confdefs.h.  */
| 
| /* Override any GCC internal prototype to avoid an error.
|    Use char because int might match the return type of a GCC
|    builtin and then its argument prototype would still apply.  */
| #ifdef __cplusplus
| extern "C"
| #endif
| char ov_open_callbacks ();
| int
| main ()
| {
| return ov_open_callbacks ();
|   ;
|   return 0;
| }
configure:13632: result: no
configure:13662: WARNING: *** Unable to find Ogg Vorbis library (http://www.xiph.org/)
configure:13664: WARNING: Ogg Vorbis support disabled
configure:13696: checking FLAC/export.h usability
configure:13713: gcc-4.2 -c -Wall -force_cpusubtype_ALL -mmacosx-version-min=10.4 -arch i386 -arch ppc -arch x86_64  -D_GNU_SOURCE=1  -I/opt/mapc/include -I/opt/cuscus/include -I/usr/local/include -I/opt/local/include -I/Developer/usr/include -I/include -I/usr/include -I/opt/X11/include -I/usr/X11/include -I/opt/sw/include  -D_GNU_SOURCE=1 conftest.c >&5
configure:13719: $? = 0
configure:13733: result: yes
configure:13737: checking FLAC/export.h presence
configure:13752: gcc-4.2 -E  -I/opt/mapc/include -I/opt/cuscus/include -I/usr/local/include -I/opt/local/include -I/Developer/usr/include -I/include -I/usr/include -I/opt/X11/include -I/usr/X11/include -I/opt/sw/include  -D_GNU_SOURCE=1 conftest.c
configure:13758: $? = 0
configure:13772: result: yes
configure:13800: checking for FLAC/export.h
configure:13807: result: yes
configure:13819: checking for libflac so-name version >= 8
configure:13850: gcc-4.2 -c -Wall -force_cpusubtype_ALL -mmacosx-version-min=10.4 -arch i386 -arch ppc -arch x86_64  -D_GNU_SOURCE=1  -I/opt/mapc/include -I/opt/cuscus/include -I/usr/local/include -I/opt/local/include -I/Developer/usr/include -I/include -I/usr/include -I/opt/X11/include -I/usr/X11/include -I/opt/sw/include  -D_GNU_SOURCE=1 conftest.c >&5
configure:13856: $? = 0
configure:13871: result: yes
configure:13886: checking FLAC/stream_decoder.h usability
configure:13903: gcc-4.2 -c -Wall -force_cpusubtype_ALL -mmacosx-version-min=10.4 -arch i386 -arch ppc -arch x86_64  -D_GNU_SOURCE=1  -I/opt/mapc/include -I/opt/cuscus/include -I/usr/local/include -I/opt/local/include -I/Developer/usr/include -I/include -I/usr/include -I/opt/X11/include -I/usr/X11/include -I/opt/sw/include  -D_GNU_SOURCE=1 conftest.c >&5
configure:13909: $? = 0
configure:13923: result: yes
configure:13927: checking FLAC/stream_decoder.h presence
configure:13942: gcc-4.2 -E  -I/opt/mapc/include -I/opt/cuscus/include -I/usr/local/include -I/opt/local/include -I/Developer/usr/include -I/include -I/usr/include -I/opt/X11/include -I/usr/X11/include -I/opt/sw/include  -D_GNU_SOURCE=1 conftest.c
configure:13948: $? = 0
configure:13962: result: yes
configure:13990: checking for FLAC/stream_decoder.h
configure:13997: result: yes
configure:14006: checking for FLAC__stream_decoder_new in -lFLAC
configure:14041: gcc-4.2 -o conftest -Wall -force_cpusubtype_ALL -mmacosx-version-min=10.4 -arch i386 -arch ppc -arch x86_64  -D_GNU_SOURCE=1  -I/opt/mapc/include -I/opt/cuscus/include -I/usr/local/include -I/opt/local/include -I/Developer/usr/include -I/include -I/usr/include -I/opt/X11/include -I/usr/X11/include -I/opt/sw/include  -D_GNU_SOURCE=1 -Wall -force_cpusubtype_ALL -mmacosx-version-min=10.4 -arch i386 -arch ppc -arch x86_64 -F/Developer/Projects/cube2/sauerbomber/trunk/src/xcode/Libs/Frameworks -L/Developer/Projects/cube2/sauerbomber/trunk/src/xcode/Libs/lib  -I/opt/mapc/include -I/opt/cuscus/include -I/usr/local/include -I/opt/local/include -I/Developer/usr/include -I/include -I/usr/include -I/opt/X11/include -I/usr/X11/include -I/opt/sw/include -framework SDL -lstdc++  conftest.c -lFLAC   -I/opt/mapc/include -I/opt/cuscus/include -I/usr/local/include -I/opt/local/include -I/Developer/usr/include -I/include -I/usr/include -I/opt/X11/include -I/usr/X11/include -I/opt/sw/include -framework SDL -lstdc++ >&5
ld: warning: in /usr/local/lib/libFLAC.dylib, file was built for unsupported file format which is not the architecture being linked (i386)
Undefined symbols for architecture i386:
  "_FLAC__stream_decoder_new", referenced from:
      _main in ccxZnza4.o
ld: symbol(s) not found for architecture i386
collect2: ld returned 1 exit status
ld: warning: in /usr/local/lib/libFLAC.dylib, file was built for unsupported file format which is not the architecture being linked (ppc)
Undefined symbols for architecture ppc:
  "_FLAC__stream_decoder_new", referenced from:
      _main in ccB45cdM.o
ld: symbol(s) not found for architecture ppc
collect2: ld returned 1 exit status
lipo: can't open input file: /var/tmp//ccLMmUcM.out (No such file or directory)
configure:14047: $? = 1
configure: failed program was:
| /* confdefs.h.  */
| #define PACKAGE_NAME ""
| #define PACKAGE_TARNAME ""
| #define PACKAGE_VERSION ""
| #define PACKAGE_STRING ""
| #define PACKAGE_BUGREPORT ""
| #define STDC_HEADERS 1
| #define HAVE_SYS_TYPES_H 1
| #define HAVE_SYS_STAT_H 1
| #define HAVE_STDLIB_H 1
| #define HAVE_STRING_H 1
| #define HAVE_MEMORY_H 1
| #define HAVE_STRINGS_H 1
| #define HAVE_INTTYPES_H 1
| #define HAVE_STDINT_H 1
| #define HAVE_UNISTD_H 1
| #define HAVE_DLFCN_H 1
| #define LT_OBJDIR ".libs/"
| #define HAVE_FORK 1
| #define HAVE_VFORK 1
| /* end confdefs.h.  */
| 
| /* Override any GCC internal prototype to avoid an error.
|    Use char because int might match the return type of a GCC
|    builtin and then its argument prototype would still apply.  */
| #ifdef __cplusplus
| extern "C"
| #endif
| char FLAC__stream_decoder_new ();
| int
| main ()
| {
| return FLAC__stream_decoder_new ();
|   ;
|   return 0;
| }
configure:14065: result: no
configure:14118: checking signal.h usability
configure:14135: gcc-4.2 -c -Wall -force_cpusubtype_ALL -mmacosx-version-min=10.4 -arch i386 -arch ppc -arch x86_64  -D_GNU_SOURCE=1  -I/opt/mapc/include -I/opt/cuscus/include -I/usr/local/include -I/opt/local/include -I/Developer/usr/include -I/include -I/usr/include -I/opt/X11/include -I/usr/X11/include -I/opt/sw/include  -D_GNU_SOURCE=1 conftest.c >&5
configure:14141: $? = 0
configure:14155: result: yes
configure:14159: checking signal.h presence
configure:14174: gcc-4.2 -E  -I/opt/mapc/include -I/opt/cuscus/include -I/usr/local/include -I/opt/local/include -I/Developer/usr/include -I/include -I/usr/include -I/opt/X11/include -I/usr/X11/include -I/opt/sw/include  -D_GNU_SOURCE=1 conftest.c
configure:14180: $? = 0
configure:14194: result: yes
configure:14222: checking for signal.h
configure:14230: result: yes
configure:14247: checking for setbuf
configure:14303: gcc-4.2 -o conftest -Wall -force_cpusubtype_ALL -mmacosx-version-min=10.4 -arch i386 -arch ppc -arch x86_64  -D_GNU_SOURCE=1  -I/opt/mapc/include -I/opt/cuscus/include -I/usr/local/include -I/opt/local/include -I/Developer/usr/include -I/include -I/usr/include -I/opt/X11/include -I/usr/X11/include -I/opt/sw/include  -D_GNU_SOURCE=1 -Wall -force_cpusubtype_ALL -mmacosx-version-min=10.4 -arch i386 -arch ppc -arch x86_64 -F/Developer/Projects/cube2/sauerbomber/trunk/src/xcode/Libs/Frameworks -L/Developer/Projects/cube2/sauerbomber/trunk/src/xcode/Libs/lib  -I/opt/mapc/include -I/opt/cuscus/include -I/usr/local/include -I/opt/local/include -I/Developer/usr/include -I/include -I/usr/include -I/opt/X11/include -I/usr/X11/include -I/opt/sw/include -framework SDL -lstdc++  conftest.c  -I/opt/mapc/include -I/opt/cuscus/include -I/usr/local/include -I/opt/local/include -I/Developer/usr/include -I/include -I/usr/include -I/opt/X11/include -I/usr/X11/include -I/opt/sw/include -framework SDL -lstdc++ >&5
configure:14309: $? = 0
configure:14327: result: yes
configure:14393: checking for smpeg-config
configure:14411: found /opt/local/bin/smpeg-config
configure:14424: result: /opt/local/bin/smpeg-config
configure:14433: checking for SMPEG - version >= 0.4.3
configure:14528: gcc-4.2 -o conftest -Wall -force_cpusubtype_ALL -mmacosx-version-min=10.4 -arch i386 -arch ppc -arch x86_64  -D_GNU_SOURCE=1 -I/opt/local/include -I/opt/local/include/smpeg -I/opt/local/include/SDL -D_GNU_SOURCE=1 -D_THREAD_SAFE -D_GNU_SOURCE=1 -D_THREAD_SAFE -I/opt/local/include/SDL    -I/opt/mapc/include -I/opt/cuscus/include -I/usr/local/include -I/opt/local/include -I/Developer/usr/include -I/include -I/usr/include -I/opt/X11/include -I/usr/X11/include -I/opt/sw/include  -D_GNU_SOURCE=1 -Wall -force_cpusubtype_ALL -mmacosx-version-min=10.4 -arch i386 -arch ppc -arch x86_64 -F/Developer/Projects/cube2/sauerbomber/trunk/src/xcode/Libs/Frameworks -L/Developer/Projects/cube2/sauerbomber/trunk/src/xcode/Libs/lib  -I/opt/mapc/include -I/opt/cuscus/include -I/usr/local/include -I/opt/local/include -I/Developer/usr/include -I/include -I/usr/include -I/opt/X11/include -I/usr/X11/include -I/opt/sw/include -framework SDL -lstdc++  conftest.c  -I/opt/mapc/include -I/opt/cuscus/include -I/usr/local/include -I/opt/local/include -I/Developer/usr/include -I/include -I/usr/include -I/opt/X11/include -I/usr/X11/include -I/opt/sw/include -framework SDL -lstdc++ -L/opt/local/lib -lsmpeg -L/opt/local/lib -lSDLmain -lSDL -Wl,-framework,Cocoa -Wl,-framework,Cocoa -L/opt/local/lib -lSDLmain -lSDL   >&5
ld: warning: in /opt/local/lib/libsmpeg.dylib, missing required architecture ppc in file
ld: warning: in /opt/local/lib/libSDLmain.a, missing required architecture ppc in file
ld: warning: in /opt/local/lib/libSDL.dylib, missing required architecture ppc in file
Undefined symbols for architecture ppc:
  "_main", referenced from:
      __start in crt1.o
     (maybe you meant: _SDL_main)
ld: symbol(s) not found for architecture ppc
collect2: ld returned 1 exit status
lipo: can't open input file: /var/tmp//cc74Eqmv.out (No such file or directory)
configure:14531: $? = 1
configure: program exited with status 1
configure: failed program was:
| /* confdefs.h.  */
| #define PACKAGE_NAME ""
| #define PACKAGE_TARNAME ""
| #define PACKAGE_VERSION ""
| #define PACKAGE_STRING ""
| #define PACKAGE_BUGREPORT ""
| #define STDC_HEADERS 1
| #define HAVE_SYS_TYPES_H 1
| #define HAVE_SYS_STAT_H 1
| #define HAVE_STDLIB_H 1
| #define HAVE_STRING_H 1
| #define HAVE_MEMORY_H 1
| #define HAVE_STRINGS_H 1
| #define HAVE_INTTYPES_H 1
| #define HAVE_STDINT_H 1
| #define HAVE_UNISTD_H 1
| #define HAVE_DLFCN_H 1
| #define LT_OBJDIR ".libs/"
| #define HAVE_FORK 1
| #define HAVE_VFORK 1
| #define HAVE_SIGNAL_H 1
| #define HAVE_SETBUF 1
| /* end confdefs.h.  */
| 
| #include <stdio.h>
| #include <stdlib.h>
| #include <string.h>
| #include "smpeg.h"
| 
| char*
| my_strdup (char *str)
| {
|   char *new_str;
| 
|   if (str)
|     {
|       new_str = (char *)malloc ((strlen (str) + 1) * sizeof(char));
|       strcpy (new_str, str);
|     }
|   else
|     new_str = NULL;
| 
|   return new_str;
| }
| 
| int main (int argc, char *argv[])
| {
|   int major, minor, micro;
|   char *tmp_version;
| 
|   /* This hangs on some systems (?)
|   system ("touch conf.smpegtest");
|   */
|   { FILE *fp = fopen("conf.smpegtest", "a"); if ( fp ) fclose(fp); }
| 
|   /* HP/UX 9 (%@#!) writes to sscanf strings */
|   tmp_version = my_strdup("0.4.3");
|   if (sscanf(tmp_version, "%d.%d.%d", &major, &minor, &micro) != 3) {
|      printf("%s, bad version string\n", "0.4.3");
|      exit(1);
|    }
| 
|    if ((0 > major) ||
|       ((0 == major) && (4 > minor)) ||
|       ((0 == major) && (4 == minor) && (4 >= micro)))
|     {
|       return 0;
|     }
|   else
|     {
|       printf("\n*** 'smpeg-config --version' returned %d.%d.%d, but the minimum version\n", 0, 4, 4);
|       printf("*** of SMPEG required is %d.%d.%d. If smpeg-config is correct, then it is\n", major, minor, micro);
|       printf("*** best to upgrade to the required version.\n");
|       printf("*** If smpeg-config was wrong, set the environment variable SMPEG_CONFIG\n");
|       printf("*** to point to the correct copy of smpeg-config, and remove the file\n");
|       printf("*** config.cache before re-running configure\n");
|       return 1;
|     }
| }
| 
| 
configure:14564: result: no
configure:14602: gcc-4.2 -o conftest -Wall -force_cpusubtype_ALL -mmacosx-version-min=10.4 -arch i386 -arch ppc -arch x86_64  -D_GNU_SOURCE=1 -I/opt/local/include -I/opt/local/include/smpeg -I/opt/local/include/SDL -D_GNU_SOURCE=1 -D_THREAD_SAFE -D_GNU_SOURCE=1 -D_THREAD_SAFE -I/opt/local/include/SDL    -I/opt/mapc/include -I/opt/cuscus/include -I/usr/local/include -I/opt/local/include -I/Developer/usr/include -I/include -I/usr/include -I/opt/X11/include -I/usr/X11/include -I/opt/sw/include  -D_GNU_SOURCE=1 -Wall -force_cpusubtype_ALL -mmacosx-version-min=10.4 -arch i386 -arch ppc -arch x86_64 -F/Developer/Projects/cube2/sauerbomber/trunk/src/xcode/Libs/Frameworks -L/Developer/Projects/cube2/sauerbomber/trunk/src/xcode/Libs/lib  -I/opt/mapc/include -I/opt/cuscus/include -I/usr/local/include -I/opt/local/include -I/Developer/usr/include -I/include -I/usr/include -I/opt/X11/include -I/usr/X11/include -I/opt/sw/include -framework SDL -lstdc++  conftest.c  -I/opt/mapc/include -I/opt/cuscus/include -I/usr/local/include -I/opt/local/include -I/Developer/usr/include -I/include -I/usr/include -I/opt/X11/include -I/usr/X11/include -I/opt/sw/include -framework SDL -lstdc++ -L/opt/local/lib -lsmpeg -L/opt/local/lib -lSDLmain -lSDL -Wl,-framework,Cocoa -Wl,-framework,Cocoa -L/opt/local/lib -lSDLmain -lSDL   >&5
conftest.c: In function 'SDL_main':
conftest.c:30: error: number of arguments doesn't match prototype
/opt/local/include/SDL/SDL_main.h:57: error: prototype declaration
conftest.c: In function 'SDL_main':
conftest.c:30: error: number of arguments doesn't match prototype
/opt/local/include/SDL/SDL_main.h:57: error: prototype declaration
conftest.c: In function 'SDL_main':
conftest.c:30: error: number of arguments doesn't match prototype
/opt/local/include/SDL/SDL_main.h:57: error: prototype declaration
lipo: can't figure out the architecture type of: /var/tmp//ccjwypDi.out
configure:14608: $? = 1
configure: failed program was:
| /* confdefs.h.  */
| #define PACKAGE_NAME ""
| #define PACKAGE_TARNAME ""
| #define PACKAGE_VERSION ""
| #define PACKAGE_STRING ""
| #define PACKAGE_BUGREPORT ""
| #define STDC_HEADERS 1
| #define HAVE_SYS_TYPES_H 1
| #define HAVE_SYS_STAT_H 1
| #define HAVE_STDLIB_H 1
| #define HAVE_STRING_H 1
| #define HAVE_MEMORY_H 1
| #define HAVE_STRINGS_H 1
| #define HAVE_INTTYPES_H 1
| #define HAVE_STDINT_H 1
| #define HAVE_UNISTD_H 1
| #define HAVE_DLFCN_H 1
| #define LT_OBJDIR ".libs/"
| #define HAVE_FORK 1
| #define HAVE_VFORK 1
| #define HAVE_SIGNAL_H 1
| #define HAVE_SETBUF 1
| /* end confdefs.h.  */
| 
| #include <stdio.h>
| #include "smpeg.h"
| 
| int
| main ()
| {
|  return 0;
|   ;
|   return 0;
| }
configure:14671: WARNING: *** Unable to find SMPEG library (http://icculus.org/smpeg/)
configure:14746: WARNING: MP3 support disabled
configure:14942: creating ./config.status

## ---------------------- ##
## Running config.status. ##
## ---------------------- ##

This file was extended by config.status, which was
generated by GNU Autoconf 2.61.  Invocation command line was

  CONFIG_FILES    = 
  CONFIG_HEADERS  = 
  CONFIG_LINKS    = 
  CONFIG_COMMANDS = 
  $ ./config.status 

on femputer.local

config.status:1019: executing libtool commands
configure:16975: creating ./config.status

## ---------------------- ##
## Running config.status. ##
## ---------------------- ##

This file was extended by config.status, which was
generated by GNU Autoconf 2.61.  Invocation command line was

  CONFIG_FILES    = 
  CONFIG_HEADERS  = 
  CONFIG_LINKS    = 
  CONFIG_COMMANDS = 
  $ ./config.status 

on femputer.local

config.status:902: creating Makefile
config.status:902: creating SDL_mixer.spec
config.status:902: creating SDL_mixer.qpg
config.status:902: creating SDL_mixer.pc
config.status:1087: executing libtool commands
config.status:1087: executing default commands

## ---------------- ##
## Cache variables. ##
## ---------------- ##

ac_cv_build=x86_64-apple-darwin10.8.0
ac_cv_c_compiler_gnu=yes
ac_cv_c_const=yes
ac_cv_env_CC_set=set
ac_cv_env_CC_value=gcc-4.2
ac_cv_env_CFLAGS_set=set
ac_cv_env_CFLAGS_value='-Wall -force_cpusubtype_ALL -mmacosx-version-min=10.4 -arch i386 -arch ppc -arch x86_64'
ac_cv_env_CPPFLAGS_set=set
ac_cv_env_CPPFLAGS_value=' -I/opt/mapc/include -I/opt/cuscus/include -I/usr/local/include -I/opt/local/include -I/Developer/usr/include -I/include -I/usr/include -I/opt/X11/include -I/usr/X11/include -I/opt/sw/include'
ac_cv_env_CPP_set=
ac_cv_env_CPP_value=
ac_cv_env_LDFLAGS_set=set
ac_cv_env_LDFLAGS_value='-Wall -force_cpusubtype_ALL -mmacosx-version-min=10.4 -arch i386 -arch ppc -arch x86_64 -F/Developer/Projects/cube2/sauerbomber/trunk/src/xcode/Libs/Frameworks -L/Developer/Projects/cube2/sauerbomber/trunk/src/xcode/Libs/lib  -I/opt/mapc/include -I/opt/cuscus/include -I/usr/local/include -I/opt/local/include -I/Developer/usr/include -I/include -I/usr/include -I/opt/X11/include -I/usr/X11/include -I/opt/sw/include -framework SDL -lstdc++'
ac_cv_env_LIBS_set=set
ac_cv_env_LIBS_value=' -I/opt/mapc/include -I/opt/cuscus/include -I/usr/local/include -I/opt/local/include -I/Developer/usr/include -I/include -I/usr/include -I/opt/X11/include -I/usr/X11/include -I/opt/sw/include -framework SDL -lstdc++'
ac_cv_env_MODPLUG_CFLAGS_set=
ac_cv_env_MODPLUG_CFLAGS_value=
ac_cv_env_MODPLUG_LIBS_set=
ac_cv_env_MODPLUG_LIBS_value=
ac_cv_env_PKG_CONFIG_set=
ac_cv_env_PKG_CONFIG_value=
ac_cv_env_SDL_CFLAGS_set=
ac_cv_env_SDL_CFLAGS_value=
ac_cv_env_SDL_LIBS_set=
ac_cv_env_SDL_LIBS_value=
ac_cv_env_build_alias_set=
ac_cv_env_build_alias_value=
ac_cv_env_host_alias_set=
ac_cv_env_host_alias_value=
ac_cv_env_target_alias_set=
ac_cv_env_target_alias_value=
ac_cv_func_fork=yes
ac_cv_func_setbuf=yes
ac_cv_func_vfork=yes
ac_cv_header_FLAC_export_h=yes
ac_cv_header_FLAC_stream_decoder_h=yes
ac_cv_header_dlfcn_h=yes
ac_cv_header_fluidsynth_h=yes
ac_cv_header_inttypes_h=yes
ac_cv_header_memory_h=yes
ac_cv_header_signal_h=yes
ac_cv_header_stdc=yes
ac_cv_header_stdint_h=yes
ac_cv_header_stdlib_h=yes
ac_cv_header_string_h=yes
ac_cv_header_strings_h=yes
ac_cv_header_sys_stat_h=yes
ac_cv_header_sys_types_h=yes
ac_cv_header_unistd_h=yes
ac_cv_header_vorbis_vorbisfile_h=yes
ac_cv_host=x86_64-apple-darwin10.8.0
ac_cv_lib_FLAC_FLAC__stream_decoder_new=no
ac_cv_lib_fluidsynth_fluid_player_add_mem=no
ac_cv_lib_m_pow=yes
ac_cv_lib_vorbisfile_ov_open_callbacks=no
ac_cv_objext=o
ac_cv_path_EGREP='/usr/bin/grep -E'
ac_cv_path_FGREP='/usr/bin/grep -F'
ac_cv_path_GREP=/usr/bin/grep
ac_cv_path_LIBMIKMOD_CONFIG=/opt/local/bin/libmikmod-config
ac_cv_path_SED=/usr/bin/sed
ac_cv_path_SMPEG_CONFIG=/opt/local/bin/smpeg-config
ac_cv_path_ac_pt_PKG_CONFIG=/usr/local/bin/pkg-config
ac_cv_path_install='/usr/bin/install -c'
ac_cv_prog_CPP='gcc-4.2 -E'
ac_cv_prog_ac_ct_AR=ar
ac_cv_prog_ac_ct_CC=gcc-4.2
ac_cv_prog_ac_ct_DSYMUTIL=dsymutil
ac_cv_prog_ac_ct_LIPO=lipo
ac_cv_prog_ac_ct_NMEDIT=nmedit
ac_cv_prog_ac_ct_OTOOL=otool
ac_cv_prog_ac_ct_RANLIB=ranlib
ac_cv_prog_ac_ct_STRIP=strip
ac_cv_prog_cc_c89=
ac_cv_prog_cc_g=yes
ac_cv_prog_make_make_set=yes
lt_cv_apple_cc_single_mod=yes
lt_cv_deplibs_check_method=pass_all
lt_cv_file_magic_cmd='$MAGIC_CMD'
lt_cv_file_magic_test_file=
lt_cv_ld_exported_symbols_list=yes
lt_cv_ld_reload_flag=-r
lt_cv_nm_interface='BSD nm'
lt_cv_objdir=.libs
lt_cv_path_LD=/Developer/usr/libexec/gcc/i686-apple-darwin10/4.2.1/ld
lt_cv_path_NM=/Developer/usr/bin/nm
lt_cv_prog_compiler_c_o=yes
lt_cv_prog_compiler_pic_works=yes
lt_cv_prog_compiler_rtti_exceptions=no
lt_cv_prog_compiler_static_works=no
lt_cv_prog_gnu_ld=no
lt_cv_sys_global_symbol_pipe='sed -n -e '\''s/^.*[	 ]\([BCDEGRST][BCDEGRST]*\)[	 ][	 ]*_\([_A-Za-z][_A-Za-z0-9]*\)$/\1 _\2 \2/p'\'''
lt_cv_sys_global_symbol_to_c_name_address='sed -n -e '\''s/^: \([^ ]*\) $/  {\"\1\", (void *) 0},/p'\'' -e '\''s/^[BCDEGRST]* \([^ ]*\) \([^ ]*\)$/  {"\2", (void *) \&\2},/p'\'''
lt_cv_sys_global_symbol_to_c_name_address_lib_prefix='sed -n -e '\''s/^: \([^ ]*\) $/  {\"\1\", (void *) 0},/p'\'' -e '\''s/^[BCDEGRST]* \([^ ]*\) \(lib[^ ]*\)$/  {"\2", (void *) \&\2},/p'\'' -e '\''s/^[BCDEGRST]* \([^ ]*\) \([^ ]*\)$/  {"lib\2", (void *) \&\2},/p'\'''
lt_cv_sys_global_symbol_to_cdecl='sed -n -e '\''s/^T .* \(.*\)$/extern int \1();/p'\'' -e '\''s/^[BCDEGRST]* .* \(.*\)$/extern char \1;/p'\'''
lt_cv_sys_max_cmd_len=196608
pkg_cv_SDL_CFLAGS='-D_GNU_SOURCE=1 -D_THREAD_SAFE -I/opt/local/include/SDL  '
pkg_cv_SDL_LIBS='-Wl,-framework,Cocoa -L/opt/local/lib -lSDLmain -lSDL  '

## ----------------- ##
## Output variables. ##
## ----------------- ##

AR='ar'
AS='as'
BINARY_AGE='12'
BUILD_CFLAGS='-Wall -force_cpusubtype_ALL -mmacosx-version-min=10.4 -arch i386 -arch ppc -arch x86_64  -I/opt/mapc/include -I/opt/cuscus/include -I/usr/local/include -I/opt/local/include -I/Developer/usr/include -I/include -I/usr/include -I/opt/X11/include -I/usr/X11/include -I/opt/sw/include'
BUILD_LDFLAGS='-Wall -force_cpusubtype_ALL -mmacosx-version-min=10.4 -arch i386 -arch ppc -arch x86_64 -F/Developer/Projects/cube2/sauerbomber/trunk/src/xcode/Libs/Frameworks -L/Developer/Projects/cube2/sauerbomber/trunk/src/xcode/Libs/lib  -I/opt/mapc/include -I/opt/cuscus/include -I/usr/local/include -I/opt/local/include -I/Developer/usr/include -I/include -I/usr/include -I/opt/X11/include -I/usr/X11/include -I/opt/sw/include -framework SDL -lstdc++'
CC='gcc-4.2'
CFLAGS='-Wall -force_cpusubtype_ALL -mmacosx-version-min=10.4 -arch i386 -arch ppc -arch x86_64  -D_GNU_SOURCE=1'
CPP='gcc-4.2 -E'
CPPFLAGS=' -I/opt/mapc/include -I/opt/cuscus/include -I/usr/local/include -I/opt/local/include -I/Developer/usr/include -I/include -I/usr/include -I/opt/X11/include -I/usr/X11/include -I/opt/sw/include  -D_GNU_SOURCE=1'
DEFS='-DPACKAGE_NAME=\"\" -DPACKAGE_TARNAME=\"\" -DPACKAGE_VERSION=\"\" -DPACKAGE_STRING=\"\" -DPACKAGE_BUGREPORT=\"\" -DSTDC_HEADERS=1 -DHAVE_SYS_TYPES_H=1 -DHAVE_SYS_STAT_H=1 -DHAVE_STDLIB_H=1 -DHAVE_STRING_H=1 -DHAVE_MEMORY_H=1 -DHAVE_STRINGS_H=1 -DHAVE_INTTYPES_H=1 -DHAVE_STDINT_H=1 -DHAVE_UNISTD_H=1 -DHAVE_DLFCN_H=1 -DLT_OBJDIR=\".libs/\" -DHAVE_FORK=1 -DHAVE_VFORK=1 -DHAVE_SIGNAL_H=1 -DHAVE_SETBUF=1'
DLLTOOL='dlltool'
DSYMUTIL='dsymutil'
DUMPBIN=''
ECHO_C='ECHO_N=''
ECHO_T=''
EGREP='/usr/bin/grep -E'
EXE=''
EXEEXT=''
EXTRA_CFLAGS=' -D_GNU_SOURCE=1 -D_GNU_SOURCE=1 -D_THREAD_SAFE -I/opt/local/include/SDL   -fvisibility=hidden -DHAVE_FORK -DCMD_MUSIC -DWAV_MUSIC -DMID_MUSIC -DUSE_TIMIDITY_MIDI -I$(srcdir)/timidity -DUSE_NATIVE_MIDI -I$(srcdir)/native_midi -DHAVE_SIGNAL_H -DHAVE_SETBUF'
EXTRA_LDFLAGS=' -Wl,-framework,Cocoa -L/opt/local/lib -lSDLmain -lSDL   -Wl,-framework,AudioToolbox -Wl,-framework,AudioUnit -Wl,-framework,CoreServices -lm'
FGREP='/usr/bin/grep -F'
GREP='/usr/bin/grep'
INSTALL_DATA='${INSTALL} -m 644'
INSTALL_PROGRAM='${INSTALL}'
INSTALL_SCRIPT='${INSTALL}'
INTERFACE_AGE='0'
LD='/Developer/usr/libexec/gcc/i686-apple-darwin10/4.2.1/ld'
LDFLAGS='-Wall -force_cpusubtype_ALL -mmacosx-version-min=10.4 -arch i386 -arch ppc -arch x86_64 -F/Developer/Projects/cube2/sauerbomber/trunk/src/xcode/Libs/Frameworks -L/Developer/Projects/cube2/sauerbomber/trunk/src/xcode/Libs/lib  -I/opt/mapc/include -I/opt/cuscus/include -I/usr/local/include -I/opt/local/include -I/Developer/usr/include -I/include -I/usr/include -I/opt/X11/include -I/usr/X11/include -I/opt/sw/include -framework SDL -lstdc++ '
LIBMIKMOD_CONFIG='/opt/local/bin/libmikmod-config'
LIBOBJS=''
LIBS=' -I/opt/mapc/include -I/opt/cuscus/include -I/usr/local/include -I/opt/local/include -I/Developer/usr/include -I/include -I/usr/include -I/opt/X11/include -I/usr/X11/include -I/opt/sw/include -framework SDL -lstdc++'
LIBTOOL='$(SHELL) $(top_builddir)/libtool'
LIPO='lipo'
LN_S='ln -s'
LTLIBOBJS=''
LT_AGE='12'
LT_CURRENT='12'
LT_RELEASE='1.2'
LT_REVISION='0'
MAJOR_VERSION='1'
MICRO_VERSION='12'
MINOR_VERSION='2'
MODPLUG_CFLAGS=''
MODPLUG_LIBS=''
NM='/Developer/usr/bin/nm'
NMEDIT='nmedit'
OBJDUMP='false'
OBJECTS='$(objects)/effect_position.lo $(objects)/effect_stereoreverse.lo $(objects)/effects_internal.lo $(objects)/load_aiff.lo $(objects)/load_voc.lo $(objects)/mixer.lo $(objects)/music.lo $(objects)/music_cmd.lo $(objects)/wavestream.lo $(objects)/common.lo $(objects)/ctrlmode.lo $(objects)/filter.lo $(objects)/instrum.lo $(objects)/mix.lo $(objects)/output.lo $(objects)/playmidi.lo $(objects)/readmidi.lo $(objects)/resample.lo $(objects)/sdl_a.lo $(objects)/sdl_c.lo $(objects)/tables.lo $(objects)/timidity.lo $(objects)/native_midi_common.lo $(objects)/native_midi_mac.lo $(objects)/native_midi_macosx.lo $(objects)/native_midi_win32.lo '
OBJEXT='o'
OTOOL64=':'
OTOOL='otool'
PACKAGE_BUGREPORT=''
PACKAGE_NAME=''
PACKAGE_STRING=''
PACKAGE_TARNAME=''
PACKAGE_VERSION=''
PATH_SEPARATOR=':'
PKG_CONFIG='/usr/local/bin/pkg-config'
PLAYMUS_OBJECTS='$(objects)/playmus.lo'
PLAYWAVE_OBJECTS='$(objects)/playwave.lo'
RANLIB='ranlib'
SDL_CFLAGS='-D_GNU_SOURCE=1 -D_THREAD_SAFE -I/opt/local/include/SDL  '
SDL_CONFIG='pkg-config sdl'
SDL_LIBS='-Wl,-framework,Cocoa -L/opt/local/lib -lSDLmain -lSDL  '
SDL_VERSION='1.2.10'
SED='/usr/bin/sed'
SET_MAKE=''
SHELL='/bin/sh'
SMPEG_CFLAGS=''
SMPEG_CONFIG='/opt/local/bin/smpeg-config'
SMPEG_LIBS=''
STRIP='strip'
VERSION='1.2.12'
VERSION_OBJECTS=''
WINDRES=''
ac_aux_dir='./build-scripts'
ac_ct_CC='gcc-4.2'
ac_ct_DUMPBIN=''
bindir='${exec_prefix}/bin'
build='x86_64-apple-darwin10.8.0'
build_alias=''
build_cpu='x86_64'
build_os='darwin10.8.0'
build_vendor='apple'
datadir='${datarootdir}'
datarootdir='${prefix}/share'
docdir='${datarootdir}/doc/${PACKAGE}'
dvidir='${docdir}'
exec_prefix='${prefix}'
host='x86_64-apple-darwin10.8.0'
host_alias=''
host_cpu='x86_64'
host_os='darwin10.8.0'
host_vendor='apple'
htmldir='${docdir}'
includedir='${prefix}/include'
infodir='${datarootdir}/info'
libdir='${exec_prefix}/lib'
libexecdir='${exec_prefix}/libexec'
localedir='${datarootdir}/locale'
localstatedir='${prefix}/var'
lt_ECHO='/bin/echo'
mandir='${datarootdir}/man'
oldincludedir='/usr/include'
pdfdir='${docdir}'
prefix='/Developer/Projects/cube2/sauerbomber/trunk/src/xcode/Libs'
program_transform_name='s,x,x,'
psdir='${docdir}'
sbindir='${exec_prefix}/sbin'
sharedstatedir='${prefix}/com'
sysconfdir='${prefix}/etc'
target_alias=''

## ----------- ##
## confdefs.h. ##
## ----------- ##

#define PACKAGE_NAME ""
#define PACKAGE_TARNAME ""
#define PACKAGE_VERSION ""
#define PACKAGE_STRING ""
#define PACKAGE_BUGREPORT ""
#define STDC_HEADERS 1
#define HAVE_SYS_TYPES_H 1
#define HAVE_SYS_STAT_H 1
#define HAVE_STDLIB_H 1
#define HAVE_STRING_H 1
#define HAVE_MEMORY_H 1
#define HAVE_STRINGS_H 1
#define HAVE_INTTYPES_H 1
#define HAVE_STDINT_H 1
#define HAVE_UNISTD_H 1
#define HAVE_DLFCN_H 1
#define LT_OBJDIR ".libs/"
#define HAVE_FORK 1
#define HAVE_VFORK 1
#define HAVE_SIGNAL_H 1
#define HAVE_SETBUF 1

configure: exit 0
